2025-04-05 07:44:43,530 - INFO - ===== Sweep Experiments Results =====
2025-04-05 07:44:43,534 - INFO - ===== Experiment 1 =====
2025-04-05 07:44:43,537 - INFO - ----- Single Experiment Result -----
2025-04-05 07:44:43,538 - INFO - Sweep Parameter: num_users
2025-04-05 07:44:43,541 - INFO - SP Info:
{
  "X": [
    1,
    2,
    4,
    6,
    7,
    8,
    9
  ],
  "U_X": 64.49957448875107,
  "p_E": 1.2130075187969924,
  "p_N": 1.0626315789473684,
  "f_max": 100,
  "B_max": 40,
  "c_E": 0.01,
  "c_N": 0.01
}
2025-04-05 07:44:43,542 - INFO - User Game Info:
{
  "f": [
    3.914532276754545,
    3.452646537270123,
    3.456129291285119,
    4.485735785551383,
    4.9155197900444,
    3.841740477876566,
    4.637161419350903
  ],
  "b": [
    3.757438753129924,
    2.3568329394584464,
    4.127724052650034,
    3.8982060617582883,
    4.783858893027728,
    5.749260907089076,
    3.797313496476553
  ],
  "sum_offload_cost": 130.1629573719052,
  "social_cost": 150.76040638086084,
  "sum_f": 28.703465578133038,
  "sum_b": 28.47063510359005,
  "f_utilization": 0.28703465578133036,
  "b_utilization": 0.7117658775897512
}
2025-04-05 07:44:43,544 - INFO - User Info:
2025-04-05 07:44:43,546 - INFO - {
  "user id": 0,
  "task": [
    0.7301091327795579,
    51.852790828122664,
    10.666954820929941
  ],
  "S_i": 29.35127707894157,
  "local_cpu": 1.1013962436640183,
  "C_l_i": 7.0710620074382895,
  "C_hat_ei": 15.096995891708602,
  "C_hat_ef_i": 6.147179012160916,
  "C_hat_eb_i": 8.949816879547685,
  "f_thres": NaN,
  "B_thres": NaN,
  "f_hat": 2.53385857750388,
  "B_hat": 4.2111570260377915
}
2025-04-05 07:44:43,548 - INFO - {
  "user id": 1,
  "task": [
    1.8321804261960515,
    46.963679284405075,
    10.145069122121802
  ],
  "S_i": 31.75781288118785,
  "local_cpu": 1.0614329830400666,
  "C_l_i": 17.511795247515767,
  "C_hat_ei": 17.48226031862651,
  "C_hat_ef_i": 9.496714168553545,
  "C_hat_eb_i": 7.985546150072963,
  "f_thres": 3.617738490886209,
  "B_thres": 3.4478734592269102,
  "f_hat": 3.914532276754545,
  "B_hat": 3.757438753129924
}
2025-04-05 07:44:43,549 - INFO - {
  "user id": 2,
  "task": [
    1.0088422517197586,
    12.09571543888293,
    14.333243204496
  ],
  "S_i": 29.372148451780856,
  "local_cpu": 0.7212675297127461,
  "C_l_i": 20.048013744122855,
  "C_hat_ei": 13.385062634457913,
  "C_hat_ef_i": 8.37617241891412,
  "C_hat_eb_i": 5.0088902155437935,
  "f_thres": 1.0504997464267065,
  "B_thres": 0.5314203447296263,
  "f_hat": 3.452646537270123,
  "B_hat": 2.3568329394584464
}
2025-04-05 07:44:43,551 - INFO - {
  "user id": 3,
  "task": [
    0.6533253999928945,
    68.71217798453873,
    14.244695738724307
  ],
  "S_i": 33.16507846717124,
  "local_cpu": 1.1681416875760657,
  "C_l_i": 7.966860219320041,
  "C_hat_ei": 17.91991131567629,
  "C_hat_ef_i": 6.719749787801891,
  "C_hat_eb_i": 11.200161527874402,
  "f_thres": NaN,
  "B_thres": NaN,
  "f_hat": 2.7698714491342327,
  "B_hat": 5.270011615394096
}
2025-04-05 07:44:43,553 - INFO - {
  "user id": 4,
  "task": [
    1.3915167216794377,
    56.220174923970156,
    10.412500248485777
  ],
  "S_i": 32.33279042202989,
  "local_cpu": 0.683613375817467,
  "C_l_i": 21.19497470764534,
  "C_hat_ei": 17.157121487579815,
  "C_hat_ef_i": 8.38462163252674,
  "C_hat_eb_i": 8.772499855053074,
  "f_thres": 1.3423043542879507,
  "B_thres": 1.6351023360113675,
  "f_hat": 3.456129291285119,
  "B_hat": 4.127724052650034
}
2025-04-05 07:44:43,554 - INFO - {
  "user id": 5,
  "task": [
    0.5102590981289139,
    47.11058110018923,
    12.377981835036266
  ],
  "S_i": 32.21902523846965,
  "local_cpu": 1.1360639304817615,
  "C_l_i": 5.5595267821973,
  "C_hat_ei": 14.3068249930024,
  "C_hat_ef_i": 5.535821029599381,
  "C_hat_eb_i": 8.771003963403018,
  "f_thres": NaN,
  "B_thres": NaN,
  "f_hat": 2.28185767351614,
  "B_hat": 4.127020190803798
}
2025-04-05 07:44:43,555 - INFO - {
  "user id": 6,
  "task": [
    2.320306151560313,
    45.81840831971447,
    10.520094749273815
  ],
  "S_i": 29.849340761904873,
  "local_cpu": 0.788367088370451,
  "C_l_i": 30.96253118860193,
  "C_hat_ei": 19.16772327800407,
  "C_hat_ef_i": 10.882889346864324,
  "C_hat_eb_i": 8.284833931139746,
  "f_thres": 1.1467167896429824,
  "B_thres": 0.8417013927159755,
  "f_hat": 4.485911743423279,
  "B_hat": 3.898262622378781
}
2025-04-05 07:44:43,557 - INFO - {
  "user id": 7,
  "task": [
    2.2300342412143634,
    56.39676412228468,
    13.143928979410806
  ],
  "S_i": 30.476560136772544,
  "local_cpu": 0.6448239599403556,
  "C_l_i": 45.45645557414939,
  "C_hat_ei": 22.093421775895184,
  "C_hat_ef_i": 11.925596465470624,
  "C_hat_eb_i": 10.16782531042456,
  "f_thres": 0.8557940052764088,
  "B_thres": 0.7428744783241773,
  "f_hat": 4.915714157030909,
  "B_hat": 4.784266490789169
}
2025-04-05 07:44:43,558 - INFO - {
  "user id": 8,
  "task": [
    1.3088104861508152,
    79.53721945237545,
    13.678635407535603
  ],
  "S_i": 30.88551693528794,
  "local_cpu": 0.7878788423606446,
  "C_l_i": 22.72270874031366,
  "C_hat_ei": 21.556431169460616,
  "C_hat_ef_i": 9.32012016986205,
  "C_hat_eb_i": 12.236310999598565,
  "f_thres": 2.341355007973201,
  "B_thres": 3.7333304807507957,
  "f_hat": 3.841740477876566,
  "B_hat": 5.757550990400513
}
2025-04-05 07:44:43,560 - INFO - {
  "user id": 9,
  "task": [
    1.953975983935977,
    36.74217578509338,
    13.350725823511908
  ],
  "S_i": 32.01291682728019,
  "local_cpu": 0.8780241249271592,
  "C_l_i": 29.71102602610186,
  "C_hat_ei": 19.320923925978455,
  "C_hat_ef_i": 11.250550966899532,
  "C_hat_eb_i": 8.070372959078922,
  "f_thres": 1.3002234783728597,
  "B_thres": 0.8740173614706375,
  "f_hat": 4.637461348161029,
  "B_hat": 3.797352308630498
}
2025-04-05 07:44:43,561 - INFO - ----- End of Single Experiment -----

2025-04-05 07:44:43,562 - INFO - ===== Experiment 2 =====
2025-04-05 07:44:43,564 - INFO - ----- Single Experiment Result -----
2025-04-05 07:44:43,565 - INFO - Sweep Parameter: num_users
2025-04-05 07:44:43,566 - INFO - SP Info:
{
  "X": [
    1,
    2,
    4,
    6,
    7,
    8,
    9,
    10,
    12,
    13,
    14
  ],
  "U_X": 97.24429815411749,
  "p_E": 0.8370676691729323,
  "p_N": 1.4385714285714284,
  "f_max": 100,
  "B_max": 40,
  "c_E": 0.01,
  "c_N": 0.01
}
2025-04-05 07:44:43,568 - INFO - User Game Info:
{
  "f": [
    4.712282742081777,
    4.155073050160092,
    4.159428630243699,
    5.400104788141201,
    5.915712460581111,
    4.624310797517504,
    5.582538993937838,
    3.9020389052781472,
    5.666979067064139,
    5.969384913296136,
    4.245788282443021
  ],
  "b": [
    3.229342030853381,
    2.0244333775991565,
    3.547382446170382,
    3.3498276589541134,
    4.110373817855787,
    4.948188742093816,
    3.2631319261286986,
    2.678345635731038,
    4.399120897401814,
    2.4324597343010037,
    2.6320830229935055
  ],
  "sum_offload_cost": 196.33648895460692,
  "social_cost": 230.50095795287393,
  "sum_f": 54.33364263074467,
  "sum_b": 36.6146892900827,
  "f_utilization": 0.5433364263074467,
  "b_utilization": 0.9153672322520675
}
2025-04-05 07:44:43,569 - INFO - User Info:
2025-04-05 07:44:43,571 - INFO - {
  "user id": 0,
  "task": [
    0.7301091327795579,
    51.852790828122664,
    10.666954820929941
  ],
  "S_i": 29.35127707894157,
  "local_cpu": 1.1013962436640183,
  "C_l_i": 7.0710620074382895,
  "C_hat_ei": 15.519815490818111,
  "C_hat_ef_i": 5.106512484745642,
  "C_hat_eb_i": 10.413303006072468,
  "f_thres": NaN,
  "B_thres": NaN,
  "f_hat": 3.050238751779262,
  "B_hat": 3.6193208064800038
}
2025-04-05 07:44:43,572 - INFO - {
  "user id": 1,
  "task": [
    1.8321804261960515,
    46.963679284405075,
    10.145069122121802
  ],
  "S_i": 31.75781288118785,
  "local_cpu": 1.0614329830400666,
  "C_l_i": 17.511795247515767,
  "C_hat_ei": 17.180352489224084,
  "C_hat_ef_i": 7.888999062796454,
  "C_hat_eb_i": 9.291353426427628,
  "f_thres": 3.530023351253115,
  "B_thres": 2.4743322891813575,
  "f_hat": 4.712282742081777,
  "B_hat": 3.2293681223929203
}
2025-04-05 07:44:43,573 - INFO - {
  "user id": 2,
  "task": [
    1.0088422517197586,
    12.09571543888293,
    14.333243204496
  ],
  "S_i": 29.372148451780856,
  "local_cpu": 0.7212675297127461,
  "C_l_i": 20.048013744122855,
  "C_hat_ei": 12.786106455750339,
  "C_hat_ef_i": 6.958155756803163,
  "C_hat_eb_i": 5.827950698947175,
  "f_thres": 1.0863408527778304,
  "B_thres": 0.4758065019078821,
  "f_hat": 4.1562683717543365,
  "B_hat": 2.0256035199915705
}
2025-04-05 07:44:43,575 - INFO - {
  "user id": 3,
  "task": [
    0.6533253999928945,
    68.71217798453873,
    14.244695738724307
  ],
  "S_i": 33.16507846717124,
  "local_cpu": 1.1681416875760657,
  "C_l_i": 7.966860219320041,
  "C_hat_ei": 18.61377881343291,
  "C_hat_ef_i": 5.582151767159075,
  "C_hat_eb_i": 13.031627046273833,
  "f_thres": NaN,
  "B_thres": NaN,
  "f_hat": 3.33434916479007,
  "B_hat": 4.529363918764491
}
2025-04-05 07:44:43,576 - INFO - {
  "user id": 4,
  "task": [
    1.3915167216794377,
    56.220174923970156,
    10.412500248485777
  ],
  "S_i": 32.33279042202989,
  "local_cpu": 0.683613375817467,
  "C_l_i": 21.19497470764534,
  "C_hat_ei": 17.172165451073848,
  "C_hat_ef_i": 6.965174588484129,
  "C_hat_eb_i": 10.20699086258972,
  "f_thres": 1.48710993926615,
  "B_thres": 1.4997291699711084,
  "f_hat": 4.160460883267715,
  "B_hat": 3.5476135073549178
}
2025-04-05 07:44:43,578 - INFO - {
  "user id": 5,
  "task": [
    0.5102590981289139,
    47.11058110018923,
    12.377981835036266
  ],
  "S_i": 32.21902523846965,
  "local_cpu": 1.1360639304817615,
  "C_l_i": 5.5595267821973,
  "C_hat_ei": 14.803902709226575,
  "C_hat_ef_i": 4.598652348506997,
  "C_hat_eb_i": 10.205250360719578,
  "f_thres": -3.1690258382161756,
  "B_thres": NaN,
  "f_hat": 2.746882072897829,
  "B_hat": 3.5470085662878374
}
2025-04-05 07:44:43,581 - INFO - {
  "user id": 6,
  "task": [
    2.320306151560313,
    45.81840831971447,
    10.520094749273815
  ],
  "S_i": 29.849340761904873,
  "local_cpu": 0.788367088370451,
  "C_l_i": 30.96253118860193,
  "C_hat_ei": 18.680087405693854,
  "C_hat_ef_i": 9.040506256597894,
  "C_hat_eb_i": 9.63958114909596,
  "f_thres": 1.2014331414989603,
  "B_thres": 0.7761529302045651,
  "f_hat": 5.400104788141201,
  "B_hat": 3.3504005979976035
}
2025-04-05 07:44:43,582 - INFO - {
  "user id": 7,
  "task": [
    2.2300342412143634,
    56.39676412228468,
    13.143928979410806
  ],
  "S_i": 30.476560136772544,
  "local_cpu": 0.6448239599403556,
  "C_l_i": 45.45645557414939,
  "C_hat_ei": 21.73717350862764,
  "C_hat_ef_i": 9.90669169036558,
  "C_hat_eb_i": 11.830481818262061,
  "f_thres": 0.8914730573936392,
  "B_thres": 0.7042606560249448,
  "f_hat": 5.917497506595806,
  "B_hat": 4.1118854383234575
}
2025-04-05 07:44:43,583 - INFO - {
  "user id": 8,
  "task": [
    1.3088104861508152,
    79.53721945237545,
    13.678635407535603
  ],
  "S_i": 30.88551693528794,
  "local_cpu": 0.7878788423606446,
  "C_l_i": 22.72270874031366,
  "C_hat_ei": 21.979510043481227,
  "C_hat_ef_i": 7.742300966439526,
  "C_hat_eb_i": 14.237209077041701,
  "f_thres": 2.9941900923149194,
  "B_thres": 3.5870747039443933,
  "f_hat": 4.624656555000706,
  "B_hat": 4.9483844855656365
}
2025-04-05 07:44:43,585 - INFO - {
  "user id": 9,
  "task": [
    1.953975983935977,
    36.74217578509338,
    13.350725823511908
  ],
  "S_i": 32.01291682728019,
  "local_cpu": 0.8780241249271592,
  "C_l_i": 29.71102602610186,
  "C_hat_ei": 18.73597703709102,
  "C_hat_ef_i": 9.345925807445106,
  "C_hat_eb_i": 9.390051229645913,
  "f_thres": 1.3599286344490642,
  "B_thres": 0.7973227911920279,
  "f_hat": 5.582538993937838,
  "B_hat": 3.263672224802453
}
2025-04-05 07:44:43,586 - INFO - {
  "user id": 10,
  "task": [
    0.9121637018266036,
    22.339626316834536,
    13.978694324080221
  ],
  "S_i": 30.251669502872822,
  "local_cpu": 0.7097317430649174,
  "C_l_i": 17.965742248320513,
  "C_hat_ei": 14.241135801420816,
  "C_hat_ef_i": 6.534012739148875,
  "C_hat_eb_i": 7.707123062271941,
  "f_thres": 1.4037214856754308,
  "B_thres": 1.0387746885473637,
  "f_hat": 3.9029178761645578,
  "B_hat": 2.678741878644667
}
2025-04-05 07:44:43,587 - INFO - {
  "user id": 11,
  "task": [
    0.7889567568456575,
    37.08488002259381,
    11.55134763422295
  ],
  "S_i": 29.850957279952308,
  "local_cpu": 0.6717402770743519,
  "C_l_i": 13.567019989311378,
  "C_hat_ei": 14.611220453561266,
  "C_hat_ef_i": 5.523994108129149,
  "C_hat_eb_i": 9.087226345432116,
  "f_thres": NaN,
  "B_thres": NaN,
  "f_hat": 3.299610241539463,
  "B_hat": 3.158420278948601
}
2025-04-05 07:44:43,589 - INFO - {
  "user id": 12,
  "task": [
    1.9955412235857262,
    59.85055864550405,
    13.476304334775465
  ],
  "S_i": 28.958423420650938,
  "local_cpu": 0.8523377430249472,
  "C_l_i": 31.551484211164794,
  "C_hat_ei": 22.148948912939126,
  "C_hat_ef_i": 9.489122138341132,
  "C_hat_eb_i": 12.659826774597992,
  "f_thres": 1.5268025698010457,
  "B_thres": 1.388077901008493,
  "f_hat": 5.668073495011994,
  "B_hat": 4.400138402293245
}
2025-04-05 07:44:43,590 - INFO - {
  "user id": 13,
  "task": [
    2.2993472387348257,
    22.297751679414603,
    12.972245934092154
  ],
  "S_i": 33.97495676316559,
  "local_cpu": 0.5169180374863812,
  "C_l_i": 57.70295425129116,
  "C_hat_ei": 16.992854529592236,
  "C_hat_ef_i": 9.993558231537728,
  "C_hat_eb_i": 6.999296298054507,
  "f_thres": 0.594102046686692,
  "B_thres": 0.17941936952224397,
  "f_hat": 5.969384913296136,
  "B_hat": 2.4327246318958067
}
2025-04-05 07:44:43,591 - INFO - {
  "user id": 14,
  "task": [
    1.4626066669106332,
    28.982433656499772,
    10.318602841586573
  ],
  "S_i": 30.00172937681165,
  "local_cpu": 0.9278943127690151,
  "C_l_i": 16.264845146286028,
  "C_hat_ei": 14.682173407311645,
  "C_hat_ef_i": 7.1086069619655765,
  "C_hat_eb_i": 7.573566445346067,
  "f_thres": 2.204526361173829,
  "B_thres": 1.3939456918156807,
  "f_hat": 4.246136378071597,
  "B_hat": 2.632322001858117
}
2025-04-05 07:44:43,592 - INFO - ----- End of Single Experiment -----

2025-04-05 07:44:43,593 - INFO - ===== Experiment 3 =====
2025-04-05 07:44:43,594 - INFO - ----- Single Experiment Result -----
2025-04-05 07:44:43,596 - INFO - Sweep Parameter: num_users
2025-04-05 07:44:43,597 - INFO - SP Info:
{
  "X": [
    2,
    4,
    6,
    7,
    9,
    10,
    12,
    13,
    15,
    16,
    19
  ],
  "U_X": 126.44850837271306,
  "p_E": 2.2656390977443603,
  "p_N": 1.2130075187969924,
  "f_max": 100,
  "B_max": 40,
  "c_E": 0.01,
  "c_N": 0.01
}
2025-04-05 07:44:43,598 - INFO - User Game Info:
{
  "f": [
    2.5263208192593534,
    2.528869169888781,
    3.282366760812623,
    3.5968555953758594,
    3.393256455852828,
    2.372325799128357,
    3.4452472253366073,
    3.628394520218937,
    3.821884493477604,
    3.4999683233146253,
    2.6300162159038964
  ],
  "b": [
    2.1854611665158687,
    3.8327888127214766,
    3.618770977106267,
    4.44711650220249,
    3.524426711984013,
    2.8900860709242298,
    4.743864615931933,
    2.626809642489287,
    5.2252956954279375,
    2.921585513307925,
    3.983794291388572
  ],
  "sum_offload_cost": 255.24590638805412,
  "social_cost": 364.6711171167064,
  "sum_f": 34.725505378569466,
  "sum_b": 40.0,
  "f_utilization": 0.34725505378569466,
  "b_utilization": 1.0
}
2025-04-05 07:44:43,599 - INFO - User Info:
2025-04-05 07:44:43,600 - INFO - {
  "user id": 0,
  "task": [
    0.7301091327795579,
    51.852790828122664,
    10.666954820929941
  ],
  "S_i": 29.35127707894157,
  "local_cpu": 1.1013962436640183,
  "C_l_i": 7.0710620074382895,
  "C_hat_ei": 17.963291966359712,
  "C_hat_ef_i": 8.40116432106167,
  "C_hat_eb_i": 9.562127645298045,
  "f_thres": NaN,
  "B_thres": NaN,
  "f_hat": 1.8540385203949197,
  "B_hat": 3.941495620233807
}
2025-04-05 07:44:43,602 - INFO - {
  "user id": 1,
  "task": [
    1.8321804261960515,
    46.963679284405075,
    10.145069122121802
  ],
  "S_i": 31.75781288118785,
  "local_cpu": 1.0614329830400666,
  "C_l_i": 17.511795247515767,
  "C_hat_ei": 21.510758446172964,
  "C_hat_ef_i": 12.97887308671797,
  "C_hat_eb_i": 8.531885359454993,
  "f_thres": NaN,
  "B_thres": NaN,
  "f_hat": 2.8642852031551627,
  "B_hat": 3.5168311932297596
}
2025-04-05 07:44:43,603 - INFO - {
  "user id": 2,
  "task": [
    1.0088422517197586,
    12.09571543888293,
    14.333243204496
  ],
  "S_i": 29.372148451780856,
  "local_cpu": 0.7212675297127461,
  "C_l_i": 20.048013744122855,
  "C_hat_ei": 16.799040944324688,
  "C_hat_ef_i": 11.44746244311911,
  "C_hat_eb_i": 5.351578501205579,
  "f_thres": 1.2093941274563267,
  "B_thres": 0.7698999473153095,
  "f_hat": 2.5263208192593534,
  "B_hat": 2.2059131614093537
}
2025-04-05 07:44:43,605 - INFO - {
  "user id": 3,
  "task": [
    0.6533253999928945,
    68.71217798453873,
    14.244695738724307
  ],
  "S_i": 33.16507846717124,
  "local_cpu": 1.1681416875760657,
  "C_l_i": 7.966860219320041,
  "C_hat_ei": 21.150111443426823,
  "C_hat_ef_i": 9.183679546676776,
  "C_hat_eb_i": 11.966431896750048,
  "f_thres": NaN,
  "B_thres": NaN,
  "f_hat": 2.0267304611356516,
  "B_hat": 4.9325464645997545
}
2025-04-05 07:44:43,606 - INFO - {
  "user id": 4,
  "task": [
    1.3915167216794377,
    56.220174923970156,
    10.412500248485777
  ],
  "S_i": 32.33279042202989,
  "local_cpu": 0.683613375817467,
  "C_l_i": 21.19497470764534,
  "C_hat_ei": 20.83168902615158,
  "C_hat_ef_i": 11.459009728760693,
  "C_hat_eb_i": 9.372679297390887,
  "f_thres": 1.9672311817573187,
  "B_thres": 2.9271117038387775,
  "f_hat": 2.528869169888781,
  "B_hat": 3.8634052766162155
}
2025-04-05 07:44:43,607 - INFO - {
  "user id": 5,
  "task": [
    0.5102590981289139,
    47.11058110018923,
    12.377981835036266
  ],
  "S_i": 32.21902523846965,
  "local_cpu": 1.1360639304817615,
  "C_l_i": 5.5595267821973,
  "C_hat_ei": 16.936720851337178,
  "C_hat_ef_i": 7.5656397885352105,
  "C_hat_eb_i": 9.371081062801968,
  "f_thres": NaN,
  "B_thres": NaN,
  "f_hat": 1.6696480467845605,
  "B_hat": 3.862746486557559
}
2025-04-05 07:44:43,608 - INFO - {
  "user id": 6,
  "task": [
    2.320306151560313,
    45.81840831971447,
    10.520094749273815
  ],
  "S_i": 29.849340761904873,
  "local_cpu": 0.788367088370451,
  "C_l_i": 30.96253118860193,
  "C_hat_ei": 23.724966149365827,
  "C_hat_ef_i": 14.873316932867176,
  "C_hat_eb_i": 8.851649216498648,
  "f_thres": 1.2689772737818437,
  "B_thres": 1.0938809028436933,
  "f_hat": 3.282366760812623,
  "B_hat": 3.6486374071602317
}
2025-04-05 07:44:43,610 - INFO - {
  "user id": 7,
  "task": [
    2.2300342412143634,
    56.39676412228468,
    13.143928979410806
  ],
  "S_i": 30.476560136772544,
  "local_cpu": 0.6448239599403556,
  "C_l_i": 45.45645557414939,
  "C_hat_ei": 27.161820685439,
  "C_hat_ef_i": 16.29835333164823,
  "C_hat_eb_i": 10.86346735379077,
  "f_thres": 0.900422429356737,
  "B_thres": 0.8653191914606545,
  "f_hat": 3.5968555953758594,
  "B_hat": 4.477906025085764
}
2025-04-05 07:44:43,611 - INFO - {
  "user id": 8,
  "task": [
    1.3088104861508152,
    79.53721945237545,
    13.678635407535603
  ],
  "S_i": 30.88551693528794,
  "local_cpu": 0.7878788423606446,
  "C_l_i": 22.72270874031366,
  "C_hat_ei": 25.810997971696416,
  "C_hat_ef_i": 12.737527390068236,
  "C_hat_eb_i": 13.073470581628182,
  "f_thres": NaN,
  "B_thres": NaN,
  "f_hat": 2.811023036005502,
  "B_hat": 5.388866259705413
}
2025-04-05 07:44:43,612 - INFO - {
  "user id": 9,
  "task": [
    1.953975983935977,
    36.74217578509338,
    13.350725823511908
  ],
  "S_i": 32.01291682728019,
  "local_cpu": 0.8780241249271592,
  "C_l_i": 29.71102602610186,
  "C_hat_ei": 23.99830467042522,
  "C_hat_ef_i": 15.375788990107253,
  "C_hat_eb_i": 8.622515680317969,
  "f_thres": 1.4688016105815782,
  "B_thres": 1.1884133529831846,
  "f_hat": 3.393256455852828,
  "B_hat": 3.5541888845295047
}
2025-04-05 07:44:43,614 - INFO - {
  "user id": 10,
  "task": [
    0.9121637018266036,
    22.339626316834536,
    13.978694324080221
  ],
  "S_i": 30.251669502872822,
  "local_cpu": 0.7097317430649174,
  "C_l_i": 17.965742248320513,
  "C_hat_ei": 17.826816930270322,
  "C_hat_ef_i": 10.749668166185678,
  "C_hat_eb_i": 7.077148764084643,
  "f_thres": 2.02035310363544,
  "B_thres": 2.3936079015239726,
  "f_hat": 2.372325799128357,
  "B_hat": 2.917190806493701
}
2025-04-05 07:44:43,615 - INFO - {
  "user id": 11,
  "task": [
    0.7889567568456575,
    37.08488002259381,
    11.55134763422295
  ],
  "S_i": 29.850957279952308,
  "local_cpu": 0.6717402770743519,
  "C_l_i": 13.567019989311378,
  "C_hat_ei": 17.432442832191377,
  "C_hat_ef_i": 9.087999363479689,
  "C_hat_eb_i": 8.344443468711686,
  "f_thres": NaN,
  "B_thres": NaN,
  "f_hat": 2.005614965889223,
  "B_hat": 3.439567908444351
}
2025-04-05 07:44:43,616 - INFO - {
  "user id": 12,
  "task": [
    1.9955412235857262,
    59.85055864550405,
    13.476304334775465
  ],
  "S_i": 28.958423420650938,
  "local_cpu": 0.8523377430249472,
  "C_l_i": 31.551484211164794,
  "C_hat_ei": 27.236395922919986,
  "C_hat_ef_i": 15.611373630235784,
  "C_hat_eb_i": 11.625022292684202,
  "f_thres": 1.6646626808009364,
  "B_thres": 2.0749560819144235,
  "f_hat": 3.4452472253366073,
  "B_hat": 4.791817904069296
}
2025-04-05 07:44:43,618 - INFO - {
  "user id": 13,
  "task": [
    2.2993472387348257,
    22.297751679414603,
    12.972245934092154
  ],
  "S_i": 33.97495676316559,
  "local_cpu": 0.5169180374863812,
  "C_l_i": 57.70295425129116,
  "C_hat_ei": 22.868444188055285,
  "C_hat_ef_i": 16.44126497409883,
  "C_hat_eb_i": 6.427179213956458,
  "f_thres": 0.5974849614488053,
  "B_thres": 0.2076007720704783,
  "f_hat": 3.628394520218937,
  "B_hat": 2.6492742684442105
}
2025-04-05 07:44:43,619 - INFO - {
  "user id": 14,
  "task": [
    1.4626066669106332,
    28.982433656499772,
    10.318602841586573
  ],
  "S_i": 30.00172937681165,
  "local_cpu": 0.9278943127690151,
  "C_l_i": 16.264845146286028,
  "C_hat_ei": 18.649491664990347,
  "C_hat_ef_i": 11.694982702914217,
  "C_hat_eb_i": 6.9545089620761305,
  "f_thres": NaN,
  "B_thres": NaN,
  "f_hat": 2.580945640141359,
  "B_hat": 2.8666388519064196
}
2025-04-05 07:44:43,620 - INFO - {
  "user id": 15,
  "task": [
    2.240362954069179,
    71.61930547812003,
    14.771597415980192
  ],
  "S_i": 31.29150733345807,
  "local_cpu": 0.8042748247607636,
  "C_l_i": 41.14730264375733,
  "C_hat_ei": 30.125902880717042,
  "C_hat_ef_i": 17.31802187097152,
  "C_hat_eb_i": 12.807881009745524,
  "f_thres": 1.3036283251631369,
  "B_thres": 1.5394316491754894,
  "f_hat": 3.821884493477604,
  "B_hat": 5.279390610227964
}
2025-04-05 07:44:43,622 - INFO - {
  "user id": 16,
  "task": [
    2.271798991095747,
    26.363332184105346,
    12.216563473644921
  ],
  "S_i": 30.556192796850738,
  "local_cpu": 0.8430767627483438,
  "C_l_i": 32.91939453248583,
  "C_hat_ei": 23.01065983547311,
  "C_hat_ef_i": 15.85933014833678,
  "C_hat_eb_i": 7.1513296871363305,
  "f_thres": 1.2046466065087658,
  "B_thres": 0.6476549472004829,
  "f_hat": 3.4999683233146253,
  "B_hat": 2.9477680790588607
}
2025-04-05 07:44:43,623 - INFO - {
  "user id": 17,
  "task": [
    0.5894088048714938,
    30.437177790258854,
    13.760198431830126
  ],
  "S_i": 32.49146286866753,
  "local_cpu": 1.0438267566961386,
  "C_l_i": 7.769854585994827,
  "C_hat_ei": 16.481715492093326,
  "C_hat_ef_i": 8.573260479356868,
  "C_hat_eb_i": 7.908455012736457,
  "f_thres": NaN,
  "B_thres": NaN,
  "f_hat": 1.892018125899286,
  "B_hat": 3.25985407764814
}
2025-04-05 07:44:43,624 - INFO - {
  "user id": 18,
  "task": [
    0.9304570299743724,
    73.15792500559404,
    12.761320735057017
  ],
  "S_i": 33.037867177699354,
  "local_cpu": 1.0802728952573992,
  "C_l_i": 10.991538010274999,
  "C_hat_ei": 22.082794214531425,
  "C_hat_ef_i": 10.373404994151349,
  "C_hat_eb_i": 11.709389220380077,
  "f_thres": NaN,
  "B_thres": NaN,
  "f_hat": 2.289288926131035,
  "B_hat": 4.82659383347967
}
2025-04-05 07:44:43,626 - INFO - {
  "user id": 19,
  "task": [
    1.2883959959194526,
    51.06954583391312,
    12.163490397818002
  ],
  "S_i": 31.765756560314927,
  "local_cpu": 0.5897822391032512,
  "C_l_i": 26.571489078378104,
  "C_hat_ei": 21.658081755247764,
  "C_hat_ef_i": 11.917335132907082,
  "C_hat_eb_i": 9.740746622340684,
  "f_thres": 1.0914879244680804,
  "B_thres": 1.5276078524986532,
  "f_hat": 2.6300162159038964,
  "B_hat": 4.015122112351426
}
2025-04-05 07:44:43,627 - INFO - ----- End of Single Experiment -----

2025-04-05 07:44:43,628 - INFO - ===== Experiment 4 =====
2025-04-05 07:44:43,629 - INFO - ----- Single Experiment Result -----
2025-04-05 07:44:43,630 - INFO - Sweep Parameter: num_users
2025-04-05 07:44:43,631 - INFO - SP Info:
{
  "X": [
    2,
    6,
    7,
    9,
    12,
    13,
    15,
    16,
    19,
    20,
    22,
    23,
    24
  ],
  "U_X": 173.31024612187852,
  "p_E": 3.092706766917293,
  "p_N": 1.5889473684210527,
  "f_max": 100,
  "B_max": 40,
  "c_E": 0.01,
  "c_N": 0.01
}
2025-04-05 07:44:43,633 - INFO - User Game Info:
{
  "f": [
    2.162292759633252,
    2.809396901319427,
    3.078569733517734,
    2.9043080396338676,
    2.9488072432051293,
    3.1055581430980133,
    3.2711732830607025,
    2.9956433508977933,
    2.251046255888541,
    2.8174560010300227,
    3.107166173351334,
    2.861751110712048,
    1.870838869938613
  ],
  "b": [
    1.9273713645324402,
    3.1879220728841435,
    3.912478513117678,
    3.105399614101335,
    4.183272092280382,
    2.3147490350570736,
    4.61275922477103,
    2.575551877677262,
    3.5081305646242864,
    2.6924327008047335,
    1.5367884555723703,
    3.696905465871166,
    1.864427158907928
  ],
  "sum_offload_cost": 348.13767100525774,
  "social_cost": 525.9089481111615,
  "sum_f": 36.18400786528648,
  "sum_b": 39.11818814020183,
  "f_utilization": 0.3618400786528648,
  "b_utilization": 0.9779547035050458
}
2025-04-05 07:44:43,634 - INFO - User Info:
2025-04-05 07:44:43,635 - INFO - {
  "user id": 0,
  "task": [
    0.7301091327795579,
    51.852790828122664,
    10.666954820929941
  ],
  "S_i": 29.35127707894157,
  "local_cpu": 1.1013962436640183,
  "C_l_i": 7.0710620074382895,
  "C_hat_ei": 20.75956077519899,
  "C_hat_ef_i": 9.815523932067732,
  "C_hat_eb_i": 10.944036843131258,
  "f_thres": NaN,
  "B_thres": NaN,
  "f_hat": 1.586882409458353,
  "B_hat": 3.443800927782277
}
2025-04-05 07:44:43,637 - INFO - {
  "user id": 1,
  "task": [
    1.8321804261960515,
    46.963679284405075,
    10.145069122121802
  ],
  "S_i": 31.75781288118785,
  "local_cpu": 1.0614329830400666,
  "C_l_i": 17.511795247515767,
  "C_hat_ei": 24.928807791041194,
  "C_hat_ef_i": 15.163902826489528,
  "C_hat_eb_i": 9.764904964551667,
  "f_thres": NaN,
  "B_thres": NaN,
  "f_hat": 2.4515584517578435,
  "B_hat": 3.0727590978218227
}
2025-04-05 07:44:43,638 - INFO - {
  "user id": 2,
  "task": [
    1.0088422517197586,
    12.09571543888293,
    14.333243204496
  ],
  "S_i": 29.372148451780856,
  "local_cpu": 0.7212675297127461,
  "C_l_i": 20.048013744122855,
  "C_hat_ei": 19.499658214835883,
  "C_hat_ef_i": 13.374674899548053,
  "C_hat_eb_i": 6.124983315287828,
  "f_thres": 1.6254484633140254,
  "B_thres": 1.2663044474506362,
  "f_hat": 2.162292759633252,
  "B_hat": 1.9273713645324402
}
2025-04-05 07:44:43,639 - INFO - {
  "user id": 3,
  "task": [
    0.6533253999928945,
    68.71217798453873,
    14.244695738724307
  ],
  "S_i": 33.16507846717124,
  "local_cpu": 1.1681416875760657,
  "C_l_i": 7.966860219320041,
  "C_hat_ei": 24.425586552847008,
  "C_hat_ef_i": 10.729777793877904,
  "C_hat_eb_i": 13.695808758969106,
  "f_thres": NaN,
  "B_thres": NaN,
  "f_hat": 1.734690451201908,
  "B_hat": 4.309711268970073
}
2025-04-05 07:44:43,640 - INFO - {
  "user id": 4,
  "task": [
    1.3915167216794377,
    56.220174923970156,
    10.412500248485777
  ],
  "S_i": 32.33279042202989,
  "local_cpu": 0.683613375817467,
  "C_l_i": 21.19497470764534,
  "C_hat_ei": 24.115375811155207,
  "C_hat_ef_i": 13.388166203161916,
  "C_hat_eb_i": 10.727209607993291,
  "f_thres": NaN,
  "B_thres": NaN,
  "f_hat": 2.164473907836208,
  "B_hat": 3.375571092280101
}
2025-04-05 07:44:43,642 - INFO - {
  "user id": 5,
  "task": [
    0.5102590981289139,
    47.11058110018923,
    12.377981835036266
  ],
  "S_i": 32.21902523846965,
  "local_cpu": 1.1360639304817615,
  "C_l_i": 5.5595267821973,
  "C_hat_ei": 19.56471689576051,
  "C_hat_ef_i": 8.839336497632837,
  "C_hat_eb_i": 10.725380398127673,
  "f_thres": NaN,
  "B_thres": NaN,
  "f_hat": 1.4290615250348473,
  "B_hat": 3.374995487983203
}
2025-04-05 07:44:43,643 - INFO - {
  "user id": 6,
  "task": [
    2.320306151560313,
    45.81840831971447,
    10.520094749273815
  ],
  "S_i": 29.849340761904873,
  "local_cpu": 0.788367088370451,
  "C_l_i": 30.96253118860193,
  "C_hat_ei": 27.508162392215425,
  "C_hat_ef_i": 17.377281615334134,
  "C_hat_eb_i": 10.130880776881293,
  "f_thres": 1.5104986137961949,
  "B_thres": 1.42674562330512,
  "f_hat": 2.809396901319427,
  "B_hat": 3.1879220728841435
}
2025-04-05 07:44:43,645 - INFO - {
  "user id": 7,
  "task": [
    2.2300342412143634,
    56.39676412228468,
    13.143928979410806
  ],
  "S_i": 30.476560136772544,
  "local_cpu": 0.6448239599403556,
  "C_l_i": 45.45645557414939,
  "C_hat_ei": 31.47567176939862,
  "C_hat_ef_i": 19.042226894554126,
  "C_hat_eb_i": 12.433444874844493,
  "f_thres": 0.9770003162534407,
  "B_thres": 0.9784067710764532,
  "f_hat": 3.078569733517734,
  "B_hat": 3.912478513117678
}
2025-04-05 07:44:43,646 - INFO - {
  "user id": 8,
  "task": [
    1.3088104861508152,
    79.53721945237545,
    13.678635407535603
  ],
  "S_i": 30.88551693528794,
  "local_cpu": 0.7878788423606446,
  "C_l_i": 22.72270874031366,
  "C_hat_ei": 29.844761479866037,
  "C_hat_ef_i": 14.881925903906534,
  "C_hat_eb_i": 14.962835575959504,
  "f_thres": NaN,
  "B_thres": NaN,
  "f_hat": 2.4059710514909796,
  "B_hat": 4.708411327314186
}
2025-04-05 07:44:43,648 - INFO - {
  "user id": 9,
  "task": [
    1.953975983935977,
    36.74217578509338,
    13.350725823511908
  ],
  "S_i": 32.01291682728019,
  "local_cpu": 0.8780241249271592,
  "C_l_i": 29.71102602610186,
  "C_hat_ei": 27.832979344220057,
  "C_hat_ef_i": 17.964346254775922,
  "C_hat_eb_i": 9.868633089444137,
  "f_thres": 1.8456447094006616,
  "B_thres": 1.6914635834001668,
  "f_hat": 2.9043080396338676,
  "B_hat": 3.105399614101335
}
2025-04-05 07:44:43,649 - INFO - {
  "user id": 10,
  "task": [
    0.9121637018266036,
    22.339626316834536,
    13.978694324080221
  ],
  "S_i": 30.251669502872822,
  "local_cpu": 0.7097317430649174,
  "C_l_i": 17.965742248320513,
  "C_hat_ei": 20.659336276198477,
  "C_hat_ef_i": 12.559404996097998,
  "C_hat_eb_i": 8.09993128010048,
  "f_thres": NaN,
  "B_thres": NaN,
  "f_hat": 2.030487521553295,
  "B_hat": 2.5488356131485443
}
2025-04-05 07:44:43,650 - INFO - {
  "user id": 11,
  "task": [
    0.7889567568456575,
    37.08488002259381,
    11.55134763422295
  ],
  "S_i": 29.850957279952308,
  "local_cpu": 0.6717402770743519,
  "C_l_i": 13.567019989311378,
  "C_hat_ei": 20.168363740864592,
  "C_hat_ef_i": 10.617989583088931,
  "C_hat_eb_i": 9.55037415777566,
  "f_thres": NaN,
  "B_thres": NaN,
  "f_hat": 1.7166175753662851,
  "B_hat": 3.005251888004928
}
2025-04-05 07:44:43,652 - INFO - {
  "user id": 12,
  "task": [
    1.9955412235857262,
    59.85055864550405,
    13.476304334775465
  ],
  "S_i": 28.958423420650938,
  "local_cpu": 0.8523377430249472,
  "C_l_i": 31.551484211164794,
  "C_hat_ei": 31.544651208529363,
  "C_hat_ef_i": 18.23959223079046,
  "C_hat_eb_i": 13.305058977738902,
  "f_thres": 2.86918838343251,
  "B_thres": 4.0547049299800815,
  "f_hat": 2.9488072432051293,
  "B_hat": 4.186752576631983
}
2025-04-05 07:44:43,653 - INFO - {
  "user id": 13,
  "task": [
    2.2993472387348257,
    22.297751679414603,
    12.972245934092154
  ],
  "S_i": 33.97495676316559,
  "local_cpu": 0.5169180374863812,
  "C_l_i": 57.70295425129116,
  "C_hat_ei": 26.565226889045928,
  "C_hat_ef_i": 19.20919811342771,
  "C_hat_eb_i": 7.356028775618216,
  "f_thres": 0.6157322143454056,
  "B_thres": 0.22322732467109827,
  "f_hat": 3.1055640836869247,
  "B_hat": 2.3147490350570736
}
2025-04-05 07:44:43,655 - INFO - {
  "user id": 14,
  "task": [
    1.4626066669106332,
    28.982433656499772,
    10.318602841586573
  ],
  "S_i": 30.00172937681165,
  "local_cpu": 0.9278943127690151,
  "C_l_i": 16.264845146286028,
  "C_hat_ei": 21.623433585938887,
  "C_hat_ef_i": 13.663865890325326,
  "C_hat_eb_i": 7.959567695613561,
  "f_thres": NaN,
  "B_thres": NaN,
  "f_hat": 2.2090464631965436,
  "B_hat": 2.504666880037391
}
2025-04-05 07:44:43,656 - INFO - {
  "user id": 15,
  "task": [
    2.240362954069179,
    71.61930547812003,
    14.771597415980192
  ],
  "S_i": 31.29150733345807,
  "local_cpu": 0.8042748247607636,
  "C_l_i": 41.14730264375733,
  "C_hat_ei": 34.892422759281516,
  "C_hat_ef_i": 20.233559496561785,
  "C_hat_eb_i": 14.658863262719727,
  "f_thres": 1.518636782063296,
  "B_thres": 1.8871705852351897,
  "f_hat": 3.2711732830607025,
  "B_hat": 4.61275922477103
}
2025-04-05 07:44:43,657 - INFO - {
  "user id": 16,
  "task": [
    2.271798991095747,
    26.363332184105346,
    12.216563473644921
  ],
  "S_i": 30.556192796850738,
  "local_cpu": 0.8430767627483438,
  "C_l_i": 32.91939453248583,
  "C_hat_ei": 26.714125681719175,
  "C_hat_ef_i": 18.5292929251848,
  "C_hat_eb_i": 8.184832756534371,
  "f_thres": 1.3499008981172411,
  "B_thres": 0.8038065121224417,
  "f_hat": 2.9956433508977933,
  "B_hat": 2.575551877677262
}
2025-04-05 07:44:43,659 - INFO - {
  "user id": 17,
  "task": [
    0.5894088048714938,
    30.437177790258854,
    13.760198431830126
  ],
  "S_i": 32.49146286866753,
  "local_cpu": 1.0438267566961386,
  "C_l_i": 7.769854585994827,
  "C_hat_ei": 19.067970044821376,
  "C_hat_ef_i": 10.016592962003093,
  "C_hat_eb_i": 9.051377082818282,
  "f_thres": NaN,
  "B_thres": NaN,
  "f_hat": 1.6193893758617308,
  "B_hat": 2.8482306156599426
}
2025-04-05 07:44:43,660 - INFO - {
  "user id": 18,
  "task": [
    0.9304570299743724,
    73.15792500559404,
    12.761320735057017
  ],
  "S_i": 33.037867177699354,
  "local_cpu": 1.0802728952573992,
  "C_l_i": 10.991538010274999,
  "C_hat_ei": 25.521415392286904,
  "C_hat_ef_i": 12.119796862187345,
  "C_hat_eb_i": 13.40161853009956,
  "f_thres": NaN,
  "B_thres": NaN,
  "f_hat": 1.9594157764701297,
  "B_hat": 4.217137331432455
}
2025-04-05 07:44:43,661 - INFO - {
  "user id": 19,
  "task": [
    1.2883959959194526,
    51.06954583391312,
    12.163490397818002
  ],
  "S_i": 31.765756560314927,
  "local_cpu": 0.5897822391032512,
  "C_l_i": 26.571489078378104,
  "C_hat_ei": 25.072121633935097,
  "C_hat_ef_i": 13.923651976460656,
  "C_hat_eb_i": 11.148469657474443,
  "f_thres": 1.4210304566262055,
  "B_thres": 2.100325350184178,
  "f_hat": 2.251046255888541,
  "B_hat": 3.5081305646242864
}
2025-04-05 07:44:43,662 - INFO - {
  "user id": 20,
  "task": [
    1.7887409932276273,
    22.738847564287177,
    13.724785627661149
  ],
  "S_i": 27.094104077490158,
  "local_cpu": 0.7341422940870526,
  "C_l_i": 33.4405017572081,
  "C_hat_ei": 25.983398188943507,
  "C_hat_ef_i": 17.42713047975457,
  "C_hat_eb_i": 8.556267709188937,
  "f_thres": 1.1513126744378457,
  "B_thres": 0.7796212451106944,
  "f_hat": 2.8174560010300227,
  "B_hat": 2.6924327008047335
}
2025-04-05 07:44:43,664 - INFO - {
  "user id": 21,
  "task": [
    2.438511007662112,
    58.47024963919792,
    12.068427673666681
  ],
  "S_i": 27.508198550498022,
  "local_cpu": 1.0083481716325426,
  "C_l_i": 29.185349421285636,
  "C_hat_ei": 31.84907689904347,
  "C_hat_ef_i": 19.080382390751844,
  "C_hat_eb_i": 12.768694508291627,
  "f_thres": NaN,
  "B_thres": NaN,
  "f_hat": 3.0847383584591395,
  "B_hat": 4.017972766769475
}
2025-04-05 07:44:43,665 - INFO - {
  "user id": 22,
  "task": [
    2.310901968626947,
    9.153866091112564,
    12.920704153567934
  ],
  "S_i": 31.51737867848688,
  "local_cpu": 0.8659583314290705,
  "C_l_i": 34.48027414350499,
  "C_hat_ei": 24.102876270301813,
  "C_hat_ef_i": 19.219107700520365,
  "C_hat_eb_i": 4.883768569781448,
  "f_thres": 1.1461149189485471,
  "B_thres": 0.25253687418593657,
  "f_hat": 3.107166173351334,
  "B_hat": 1.5367936870792895
}
2025-04-05 07:44:43,666 - INFO - {
  "user id": 23,
  "task": [
    2.1297037725012355,
    50.93554257273433,
    11.89277669725785
  ],
  "S_i": 27.89446257230875,
  "local_cpu": 0.8277357342489475,
  "C_l_i": 30.599248467442894,
  "C_hat_ei": 29.449490473259246,
  "C_hat_ef_i": 17.701114050664458,
  "C_hat_eb_i": 11.74837642259479,
  "f_thres": 1.9995640405937858,
  "B_thres": 2.3836014236680967,
  "f_hat": 2.861751110712048,
  "B_hat": 3.696905465871166
}
2025-04-05 07:44:43,668 - INFO - {
  "user id": 24,
  "task": [
    0.8630695134587012,
    13.049787281353076,
    12.542004660732033
  ],
  "S_i": 29.632618990591876,
  "local_cpu": 0.5662598259501054,
  "C_l_i": 19.11599828254202,
  "C_hat_ei": 17.496881578279744,
  "C_hat_ef_i": 11.57192832276076,
  "C_hat_eb_i": 5.924953255518984,
  "f_thres": 1.1089074841301734,
  "B_thres": 0.9044273246419502,
  "f_hat": 1.8708414982218429,
  "B_hat": 1.864427158907928
}
2025-04-05 07:44:43,669 - INFO - ----- End of Single Experiment -----

2025-04-05 07:44:43,670 - INFO - ===== End of Sweep Experiments Results =====
