2025-04-04 13:39:29,619 - INFO - ===== Sweep Experiments Results =====
2025-04-04 13:39:29,622 - INFO - ===== Experiment 1 =====
2025-04-04 13:39:29,625 - INFO - ----- Single Experiment Result -----
2025-04-04 13:39:29,628 - INFO - Sweep Parameter: num_users
2025-04-04 13:39:29,630 - INFO - SP Info:
{
  "X": [
    1,
    2,
    4,
    6,
    7,
    8,
    9
  ],
  "U_X": 156.06627315935373,
  "p": [
    13.304956749399144,
    17.06287046815877,
    16.868660770380984,
    26.451973360559958,
    40.122473154572546,
    17.030585450704738,
    25.22475320557758
  ],
  "f_max": 100,
  "B_max": 40,
  "c_E": 0.01,
  "c_N": 0.01
}
2025-04-04 13:39:29,632 - INFO - User Game Info:
{
  "f": [
    13.62466104764963,
    12.028716604472375,
    12.04267265625079,
    15.632972447272858,
    17.102113864753818,
    13.40111235477687,
    16.167751024823644
  ],
  "b": [
    5.277816206259334,
    3.310424748028653,
    5.797083501542122,
    5.475600623309142,
    6.718861321166908,
    8.086295825229495,
    5.333917774464347
  ],
  "sum_offload_cost": 187.6075052284508,
  "social_cost": 208.2049542374064,
  "sum_f": 99.99999999999997,
  "sum_b": 40.0,
  "f_utilization": 0.9999999999999997,
  "b_utilization": 1.0
}
2025-04-04 13:39:29,634 - INFO - User Info:
2025-04-04 13:39:29,636 - INFO - ----- End of Single Experiment -----

2025-04-04 13:39:29,638 - INFO - ===== Experiment 2 =====
2025-04-04 13:39:29,639 - INFO - ----- Single Experiment Result -----
2025-04-04 13:39:29,641 - INFO - Sweep Parameter: num_users
2025-04-04 13:39:29,642 - INFO - SP Info:
{
  "X": [
    1,
    2,
    4,
    6,
    7,
    8,
    9
  ],
  "U_X": 156.06627315935373,
  "p": [
    13.304956749399144,
    17.06287046815877,
    16.868660770380984,
    26.451973360559958,
    40.122473154572546,
    17.030585450704738,
    25.22475320557758
  ],
  "f_max": 100,
  "B_max": 40,
  "c_E": 0.01,
  "c_N": 0.01
}
2025-04-04 13:39:29,643 - INFO - User Game Info:
{
  "f": [
    13.62466104764963,
    12.028716604472375,
    12.04267265625079,
    15.632972447272858,
    17.102113864753818,
    13.40111235477687,
    16.167751024823644
  ],
  "b": [
    5.277816206259334,
    3.310424748028653,
    5.797083501542122,
    5.475600623309142,
    6.718861321166908,
    8.086295825229495,
    5.333917774464347
  ],
  "sum_offload_cost": 187.6075052284508,
  "social_cost": 208.2049542374064,
  "sum_f": 99.99999999999997,
  "sum_b": 40.0,
  "f_utilization": 0.9999999999999997,
  "b_utilization": 1.0
}
2025-04-04 13:39:29,645 - INFO - User Info:
2025-04-04 13:39:29,646 - INFO - ----- End of Single Experiment -----

2025-04-04 13:39:29,647 - INFO - ===== Experiment 3 =====
2025-04-04 13:39:29,649 - INFO - ----- Single Experiment Result -----
2025-04-04 13:39:29,650 - INFO - Sweep Parameter: num_users
2025-04-04 13:39:29,652 - INFO - SP Info:
{
  "X": [
    1,
    2,
    4,
    6,
    7,
    8,
    9
  ],
  "U_X": 156.06627315935373,
  "p": [
    13.304956749399144,
    17.06287046815877,
    16.868660770380984,
    26.451973360559958,
    40.122473154572546,
    17.030585450704738,
    25.22475320557758
  ],
  "f_max": 100,
  "B_max": 40,
  "c_E": 0.01,
  "c_N": 0.01
}
2025-04-04 13:39:29,653 - INFO - User Game Info:
{
  "f": [
    13.62466104764963,
    12.028716604472375,
    12.04267265625079,
    15.632972447272858,
    17.102113864753818,
    13.40111235477687,
    16.167751024823644
  ],
  "b": [
    5.277816206259334,
    3.310424748028653,
    5.797083501542122,
    5.475600623309142,
    6.718861321166908,
    8.086295825229495,
    5.333917774464347
  ],
  "sum_offload_cost": 187.6075052284508,
  "social_cost": 208.2049542374064,
  "sum_f": 99.99999999999997,
  "sum_b": 40.0,
  "f_utilization": 0.9999999999999997,
  "b_utilization": 1.0
}
2025-04-04 13:39:29,654 - INFO - User Info:
2025-04-04 13:39:29,656 - INFO - ----- End of Single Experiment -----

2025-04-04 13:39:29,657 - INFO - ===== Experiment 4 =====
2025-04-04 13:39:29,658 - INFO - ----- Single Experiment Result -----
2025-04-04 13:39:29,660 - INFO - Sweep Parameter: num_users
2025-04-04 13:39:29,661 - INFO - SP Info:
{
  "X": [
    1,
    2,
    4,
    6,
    7,
    8,
    9
  ],
  "U_X": 156.06627315935373,
  "p": [
    13.304956749399144,
    17.06287046815877,
    16.868660770380984,
    26.451973360559958,
    40.122473154572546,
    17.030585450704738,
    25.22475320557758
  ],
  "f_max": 100,
  "B_max": 40,
  "c_E": 0.01,
  "c_N": 0.01
}
2025-04-04 13:39:29,662 - INFO - User Game Info:
{
  "f": [
    13.62466104764963,
    12.028716604472375,
    12.04267265625079,
    15.632972447272858,
    17.102113864753818,
    13.40111235477687,
    16.167751024823644
  ],
  "b": [
    5.277816206259334,
    3.310424748028653,
    5.797083501542122,
    5.475600623309142,
    6.718861321166908,
    8.086295825229495,
    5.333917774464347
  ],
  "sum_offload_cost": 187.6075052284508,
  "social_cost": 208.2049542374064,
  "sum_f": 99.99999999999997,
  "sum_b": 40.0,
  "f_utilization": 0.9999999999999997,
  "b_utilization": 1.0
}
2025-04-04 13:39:29,664 - INFO - User Info:
2025-04-04 13:39:29,665 - INFO - ----- End of Single Experiment -----

2025-04-04 13:39:29,666 - INFO - ===== Experiment 5 =====
2025-04-04 13:39:29,667 - INFO - ----- Single Experiment Result -----
2025-04-04 13:39:29,668 - INFO - Sweep Parameter: num_users
2025-04-04 13:39:29,669 - INFO - SP Info:
{
  "X": [
    1,
    2,
    4,
    6,
    7,
    8,
    9
  ],
  "U_X": 156.06627315935373,
  "p": [
    13.304956749399144,
    17.06287046815877,
    16.868660770380984,
    26.451973360559958,
    40.122473154572546,
    17.030585450704738,
    25.22475320557758
  ],
  "f_max": 100,
  "B_max": 40,
  "c_E": 0.01,
  "c_N": 0.01
}
2025-04-04 13:39:29,671 - INFO - User Game Info:
{
  "f": [
    13.62466104764963,
    12.028716604472375,
    12.04267265625079,
    15.632972447272858,
    17.102113864753818,
    13.40111235477687,
    16.167751024823644
  ],
  "b": [
    5.277816206259334,
    3.310424748028653,
    5.797083501542122,
    5.475600623309142,
    6.718861321166908,
    8.086295825229495,
    5.333917774464347
  ],
  "sum_offload_cost": 187.6075052284508,
  "social_cost": 208.2049542374064,
  "sum_f": 99.99999999999997,
  "sum_b": 40.0,
  "f_utilization": 0.9999999999999997,
  "b_utilization": 1.0
}
2025-04-04 13:39:29,672 - INFO - User Info:
2025-04-04 13:39:29,673 - INFO - ----- End of Single Experiment -----

2025-04-04 13:39:29,674 - INFO - ===== End of Sweep Experiments Results =====
