2025-04-05 22:20:32,114 - INFO - ===== Sweep Experiments Results =====
2025-04-05 22:20:32,115 - INFO - ===== Experiment 1 =====
2025-04-05 22:20:32,115 - INFO - ----- Single Experiment Result -----
2025-04-05 22:20:32,116 - INFO - Sweep Parameter: num_users
2025-04-05 22:20:32,116 - INFO - SP Info:
{
  "X": [
    1,
    2,
    4,
    6,
    7,
    8,
    9
  ],
  "U_X": 156.06627315935373,
  "p": [
    13.304956749399144,
    17.06287046815877,
    16.868660770380984,
    26.451973360559958,
    40.122473154572546,
    17.030585450704738,
    25.22475320557758
  ],
  "f_max": 100,
  "B_max": 40,
  "c_E": 0.01,
  "c_N": 0.01
}
2025-04-05 22:20:32,119 - INFO - User Game Info:
{
  "f": [
    13.62466104764963,
    12.028716604472375,
    12.04267265625079,
    15.632972447272858,
    17.102113864753818,
    13.40111235477687,
    16.167751024823644
  ],
  "b": [
    5.277816206259334,
    3.310424748028653,
    5.797083501542122,
    5.475600623309142,
    6.718861321166908,
    8.086295825229495,
    5.333917774464347
  ],
  "sum_offload_cost": 187.6075052284508,
  "social_cost": 208.2049542374064,
  "sum_f": 99.99999999999997,
  "sum_b": 40.0,
  "f_utilization": 0.9999999999999997,
  "b_utilization": 1.0
}
2025-04-05 22:20:32,120 - INFO - User Info:
2025-04-05 22:20:32,120 - INFO - ----- End of Single Experiment -----

2025-04-05 22:20:32,121 - INFO - ===== Experiment 2 =====
2025-04-05 22:20:32,122 - INFO - ----- Single Experiment Result -----
2025-04-05 22:20:32,122 - INFO - Sweep Parameter: num_users
2025-04-05 22:20:32,123 - INFO - SP Info:
{
  "X": [
    1,
    2,
    4,
    6,
    7,
    8,
    9,
    10,
    11,
    12,
    13,
    14
  ],
  "U_X": 239.93954957323052,
  "p": [
    10.619488523774674,
    15.142924152324914,
    14.109773737887052,
    23.56028385760657,
    36.722712390673486,
    13.40957657495695,
    22.34584190330435,
    12.249251038648106,
    7.455890170362409,
    22.523920899749832,
    51.348042068791244,
    10.451844255150917
  ],
  "f_max": 100,
  "B_max": 40,
  "c_E": 0.01,
  "c_N": 0.01
}
2025-04-05 22:20:32,124 - INFO - User Game Info:
{
  "f": [
    8.18003510493855,
    7.20379647903807,
    7.210084457885674,
    9.355460648526275,
    10.279067457343185,
    8.017013102637273,
    9.67633209724957,
    6.766796586112698,
    5.722584839693355,
    9.840910221802032,
    10.376141220977763,
    7.3717777837955385
  ],
  "b": [
    3.247320229051849,
    2.036898186936856,
    3.567089261249047,
    3.369062353757867,
    4.1349964652693085,
    4.975339107682082,
    3.2817063465534426,
    2.693698941577251,
    3.175919607424073,
    4.424657528662818,
    2.4462703598005615,
    2.647041612034832
  ],
  "sum_offload_cost": 324.65955107482466,
  "social_cost": 345.25700008378027,
  "sum_f": 99.99999999999999,
  "sum_b": 39.99999999999999,
  "f_utilization": 0.9999999999999999,
  "b_utilization": 0.9999999999999998
}
2025-04-05 22:20:32,125 - INFO - User Info:
2025-04-05 22:20:32,127 - INFO - ----- End of Single Experiment -----

2025-04-05 22:20:32,128 - INFO - ===== Experiment 3 =====
2025-04-05 22:20:32,129 - INFO - ----- Single Experiment Result -----
2025-04-05 22:20:32,129 - INFO - Sweep Parameter: num_users
2025-04-05 22:20:32,130 - INFO - SP Info:
{
  "X": [
    1,
    2,
    4,
    6,
    7,
    8,
    9,
    10,
    12,
    13,
    14,
    15,
    16,
    19
  ],
  "U_X": 287.4870520968562,
  "p": [
    9.163686632933688,
    14.100929849414065,
    12.625659068399004,
    21.99873311181301,
    34.87627242658651,
    11.466969205257433,
    20.78900011203263,
    11.0442511637752,
    20.622366122625074,
    49.982980522337385,
    9.220287578128454,
    29.080212331687015,
    24.85154904367269,
    17.664154928194
  ],
  "f_max": 100,
  "B_max": 40,
  "c_E": 0.01,
  "c_N": 0.01
}
2025-04-05 22:20:32,132 - INFO - User Game Info:
{
  "f": [
    6.663986445022132,
    5.877816298435483,
    5.8832848575749175,
    7.63637098894355,
    8.369236154431677,
    6.53964681976574,
    7.895430706526466,
    5.519433662948683,
    8.015921158132567,
    8.44150152483604,
    6.0046664664268805,
    8.890857653357463,
    8.142374551706352,
    6.119472711892117
  ],
  "b": [
    2.6988687497093333,
    1.692737609342114,
    2.964888128356422,
    2.7999758747671337,
    3.4364406805111267,
    4.135347674974697,
    2.727505315963089,
    2.238557588590034,
    3.677270969218715,
    2.033596058905502,
    2.199880822890415,
    4.051460037434373,
    2.2621872734572146,
    3.081283215879913
  ],
  "sum_offload_cost": 411.7307173401345,
  "social_cost": 464.65657893467136,
  "sum_f": 100.00000000000007,
  "sum_b": 40.00000000000008,
  "f_utilization": 1.0000000000000007,
  "b_utilization": 1.000000000000002
}
2025-04-05 22:20:32,132 - INFO - User Info:
2025-04-05 22:20:32,133 - INFO - ----- End of Single Experiment -----

2025-04-05 22:20:32,133 - INFO - ===== Experiment 4 =====
2025-04-05 22:20:32,135 - INFO - ----- Single Experiment Result -----
2025-04-05 22:20:32,137 - INFO - Sweep Parameter: num_users
2025-04-05 22:20:32,137 - INFO - SP Info:
{
  "X": [
    2,
    4,
    6,
    7,
    8,
    9,
    10,
    12,
    13,
    15,
    16,
    19,
    20,
    21,
    22,
    23,
    24
  ],
  "U_X": 344.843868334778,
  "p": [
    12.86414030867819,
    10.914125377877776,
    20.167819486565282,
    32.73076410273115,
    9.25238164516538,
    18.957269878739748,
    9.640110356328755,
    18.42536815619333,
    48.35385957190198,
    26.65394787334311,
    23.168341765234675,
    15.884747460553427,
    23.692808674093627,
    16.226886930792446,
    26.789002300323684,
    18.64282369009711,
    12.47947075615834
  ],
  "f_max": 100,
  "B_max": 40,
  "c_E": 0.01,
  "c_N": 0.01
}
2025-04-05 22:20:32,139 - INFO - User Game Info:
{
  "f": [
    4.714430006732045,
    4.718824874686922,
    6.125002927080202,
    6.710389906297351,
    5.245238133833199,
    6.331188671449514,
    4.425792839458642,
    6.429256197143489,
    6.771199180913111,
    7.131798819589682,
    6.530563883144298,
    4.90743414753109,
    6.142779794036322,
    6.725348217102729,
    6.7733366071483285,
    6.238579481999423,
    4.078836311853485
  ],
  "b": [
    1.4338088308918058,
    2.511007059839544,
    2.3714497230891487,
    2.910250864460631,
    3.5025299005807016,
    2.3099940081954005,
    1.8959519080226657,
    3.1143487785787918,
    1.7220188156884413,
    3.4313144428035725,
    1.9159684311319944,
    2.609668741007543,
    2.0028435250216576,
    2.9888427953292047,
    1.1430502016232875,
    2.750115463710828,
    1.3868365100245261
  ],
  "sum_offload_cost": 524.7754490183164,
  "social_cost": 611.4779510066551,
  "sum_f": 99.99999999999983,
  "sum_b": 39.999999999999744,
  "f_utilization": 0.9999999999999983,
  "b_utilization": 0.9999999999999936
}
2025-04-05 22:20:32,139 - INFO - User Info:
2025-04-05 22:20:32,140 - INFO - ----- End of Single Experiment -----

2025-04-05 22:20:32,141 - INFO - ===== Experiment 5 =====
2025-04-05 22:20:32,141 - INFO - ----- Single Experiment Result -----
2025-04-05 22:20:32,142 - INFO - Sweep Parameter: num_users
2025-04-05 22:20:32,144 - INFO - SP Info:
{
  "X": [
    2,
    4,
    6,
    7,
    8,
    9,
    12,
    13,
    15,
    16,
    19,
    20,
    21,
    22,
    23,
    24,
    25,
    26,
    28
  ],
  "U_X": 348.114288319278,
  "p": [
    11.63306169871056,
    9.108830087111809,
    18.2973907125832,
    30.517031591836435,
    6.866211582115536,
    17.099823820918694,
    16.128685266797376,
    46.76480482292939,
    24.119500645816007,
    21.501331936127137,
    14.0079494575167,
    22.017585450792417,
    13.968586134211233,
    25.51003740993258,
    16.559320972939602,
    11.336943185053153,
    12.901950791993626,
    21.13351549443675,
    8.641727257455752
  ],
  "f_max": 100,
  "B_max": 40,
  "c_E": 0.01,
  "c_N": 0.01
}
2025-04-05 22:20:32,144 - INFO - User Game Info:
{
  "f": [
    4.092251225982432,
    4.096707857301182,
    5.3169231884711206,
    5.827110799506073,
    4.553646535872777,
    5.496702224222515,
    5.58069535820207,
    5.8767899714986145,
    6.191781849286338,
    5.6698487117071315,
    4.260467300123284,
    5.332482785561545,
    5.838854412884702,
    5.8804527353780545,
    5.416035331403758,
    3.5408111782826555,
    5.967973497026153,
    5.151612478649271,
    5.908852558640212
  ],
  "b": [
    1.2091816349105116,
    2.1177288911344583,
    1.999986428256909,
    2.454555675560427,
    2.953933133210868,
    1.948188977719853,
    2.6266147652280813,
    1.452192017532499,
    2.893850271196079,
    1.6158262577503655,
    2.2008639105968473,
    1.6891800122690368,
    2.520706898227135,
    0.9640393412311298,
    2.319270315068432,
    1.169711361836706,
    2.1688022161648774,
    2.8720532020823475,
    2.8233146900232544
  ],
  "sum_offload_cost": 595.9356632558424,
  "social_cost": 735.9681206390766,
  "sum_f": 99.99999999999989,
  "sum_b": 39.99999999999982,
  "f_utilization": 0.9999999999999989,
  "b_utilization": 0.9999999999999956
}
2025-04-05 22:20:32,145 - INFO - User Info:
2025-04-05 22:20:32,145 - INFO - ----- End of Single Experiment -----

2025-04-05 22:20:32,145 - INFO - ===== End of Sweep Experiments Results =====
