2025-04-04 13:13:24,095 - INFO - ===== Sweep Experiments Results =====
2025-04-04 13:13:24,098 - INFO - ===== Experiment 1 =====
2025-04-04 13:13:24,104 - INFO - ----- Single Experiment Result -----
2025-04-04 13:13:24,108 - INFO - Sweep Parameter: num_users
2025-04-04 13:13:24,110 - INFO - SP Info:
{
  "X": [
    1,
    2,
    4,
    6,
    7,
    8,
    9
  ],
  "U_X": 64.64402903070359,
  "p_E": 1.15718045447,
  "p_N": 1.1303836049,
  "f_max": 100,
  "B_max": 40,
  "c_E": 0.01,
  "c_N": 0.01
}
2025-04-04 13:13:24,111 - INFO - User Game Info:
{
  "f": [
    4.007846502174508,
    3.5349483366324477,
    3.5384279328583848,
    4.592497830029352,
    5.032466162716286,
    3.933319499739884,
    4.748008683838496
  ],
  "b": [
    3.643093724398732,
    2.285110644596685,
    4.002110634466828,
    3.779632092157543,
    4.6384245672925015,
    5.577564100259072,
    3.681792644891171
  ],
  "sum_offload_cost": 130.44133270587537,
  "social_cost": 151.038781714831,
  "sum_f": 29.38751494798936,
  "sum_b": 27.60772840806253,
  "f_utilization": 0.29387514947989357,
  "b_utilization": 0.6901932102015633
}
2025-04-04 13:13:24,113 - INFO - User Info:
2025-04-04 13:13:24,118 - INFO - {
  "user id": 0,
  "task": [
    0.7301091327795579,
    51.852790828122664,
    10.666954820929941
  ],
  "S_i": 29.35127707894157,
  "local_cpu": 1.1013962436640183,
  "C_l_i": 7.0710620074382895,
  "C_hat_ei": 15.234777885594369,
  "C_hat_ef_i": 6.004054955956064,
  "C_hat_eb_i": 9.230722929638306,
  "f_thres": NaN,
  "B_thres": NaN,
  "f_hat": 2.5942604425970797,
  "B_hat": 4.083004605527213
}
2025-04-04 13:13:24,120 - INFO - {
  "user id": 1,
  "task": [
    1.8321804261960515,
    46.963679284405075,
    10.145069122121802
  ],
  "S_i": 31.75781288118785,
  "local_cpu": 1.0614329830400666,
  "C_l_i": 17.511795247515767,
  "C_hat_ei": 17.511790108013404,
  "C_hat_ef_i": 9.275603273664592,
  "C_hat_eb_i": 8.236186834348812,
  "f_thres": 4.0036296639548805,
  "B_thres": 3.6390261060691205,
  "f_hat": 4.007846502174508,
  "B_hat": 3.643093724398732
}
2025-04-04 13:13:24,123 - INFO - {
  "user id": 2,
  "task": [
    1.0088422517197586,
    12.09571543888293,
    14.333243204496
  ],
  "S_i": 29.372148451780856,
  "local_cpu": 0.7212675297127461,
  "C_l_i": 20.048013744122855,
  "C_hat_ei": 13.347254183729824,
  "C_hat_ef_i": 8.181150967660697,
  "C_hat_eb_i": 5.166103216069127,
  "f_thres": 1.0588225428183373,
  "B_thres": 0.523503765848925,
  "f_hat": 3.534950377038534,
  "B_hat": 2.285110644596685
}
2025-04-04 13:13:24,125 - INFO - {
  "user id": 3,
  "task": [
    0.6533253999928945,
    68.71217798453873,
    14.244695738724307
  ],
  "S_i": 33.16507846717124,
  "local_cpu": 1.1681416875760657,
  "C_l_i": 7.966860219320041,
  "C_hat_ei": 18.114993312311803,
  "C_hat_ef_i": 6.563294632614565,
  "C_hat_eb_i": 11.551698679697237,
  "f_thres": NaN,
  "B_thres": NaN,
  "f_hat": 2.8358993652466324,
  "B_hat": 5.109636511721685
}
2025-04-04 13:13:24,127 - INFO - {
  "user id": 4,
  "task": [
    1.3915167216794377,
    56.220174923970156,
    10.412500248485777
  ],
  "S_i": 32.33279042202989,
  "local_cpu": 0.683613375817467,
  "C_l_i": 21.19497470764534,
  "C_hat_ei": 17.2372439516069,
  "C_hat_ef_i": 8.18940345921242,
  "C_hat_eb_i": 9.047840492394478,
  "f_thres": 1.3721736629271053,
  "B_thres": 1.6202978378534034,
  "f_hat": 3.5385161525923143,
  "B_hat": 4.002110634466828
}
2025-04-04 13:13:24,128 - INFO - {
  "user id": 5,
  "task": [
    0.5102590981289139,
    47.11058110018923,
    12.377981835036266
  ],
  "S_i": 32.21902523846965,
  "local_cpu": 1.1360639304817615,
  "C_l_i": 5.5595267821973,
  "C_hat_ei": 14.453228799921344,
  "C_hat_ef_i": 5.406931150418546,
  "C_hat_eb_i": 9.0462976495028,
  "f_thres": NaN,
  "B_thres": NaN,
  "f_hat": 2.336252366488066,
  "B_hat": 4.001428192291892
}
2025-04-04 13:13:24,130 - INFO - {
  "user id": 6,
  "task": [
    2.320306151560313,
    45.81840831971447,
    10.520094749273815
  ],
  "S_i": 29.849340761904873,
  "local_cpu": 0.788367088370451,
  "C_l_i": 30.96253118860193,
  "C_hat_ei": 19.174372595076527,
  "C_hat_ef_i": 10.629504296018983,
  "C_hat_eb_i": 8.544868299057544,
  "f_thres": 1.1580974928247934,
  "B_thres": 0.8327386773905987,
  "f_hat": 4.59284645491502,
  "B_hat": 3.779632092157543
}
2025-04-04 13:13:24,132 - INFO - {
  "user id": 7,
  "task": [
    2.2300342412143634,
    56.39676412228468,
    13.143928979410806
  ],
  "S_i": 30.476560136772544,
  "local_cpu": 0.6448239599403556,
  "C_l_i": 45.45645557414939,
  "C_hat_ei": 22.134894924728343,
  "C_hat_ef_i": 11.647934185679555,
  "C_hat_eb_i": 10.48696073904879,
  "f_thres": 0.8628353099578109,
  "B_thres": 0.7376191977099091,
  "f_hat": 5.0328944550892984,
  "B_hat": 4.6386734085622745
}
2025-04-04 13:13:24,134 - INFO - {
  "user id": 8,
  "task": [
    1.3088104861508152,
    79.53721945237545,
    13.678635407535603
  ],
  "S_i": 30.88551693528794,
  "local_cpu": 0.7878788423606446,
  "C_l_i": 22.72270874031366,
  "C_hat_ei": 21.723490453012126,
  "C_hat_ef_i": 9.103120892569423,
  "C_hat_eb_i": 12.620369560442702,
  "f_thres": 2.472237119299693,
  "B_thres": 3.7593853668356423,
  "f_hat": 3.933319499739884,
  "B_hat": 5.582339263297777
}
2025-04-04 13:13:24,135 - INFO - {
  "user id": 9,
  "task": [
    1.953975983935977,
    36.74217578509338,
    13.350725823511908
  ],
  "S_i": 32.01291682728019,
  "local_cpu": 0.8780241249271592,
  "C_l_i": 29.71102602610186,
  "C_hat_ei": 19.312281778036247,
  "C_hat_ef_i": 10.988605693183473,
  "C_hat_eb_i": 8.323676084852774,
  "f_thres": 1.3130190960532968,
  "B_thres": 0.8634442590561018,
  "f_hat": 4.748008683838496,
  "B_hat": 3.681792644891171
}
2025-04-04 13:13:24,136 - INFO - ----- End of Single Experiment -----

2025-04-04 13:13:24,138 - INFO - ===== Experiment 2 =====
2025-04-04 13:13:24,139 - INFO - ----- Single Experiment Result -----
2025-04-04 13:13:24,142 - INFO - Sweep Parameter: num_users
2025-04-04 13:13:24,145 - INFO - SP Info:
{
  "X": [
    1,
    2,
    4,
    6,
    7,
    8,
    9,
    10,
    11,
    12,
    13,
    14
  ],
  "U_X": 91.50501381401007,
  "p_E": 2.0673973830000003,
  "p_N": 0.4113501979,
  "f_max": 100,
  "B_max": 40,
  "c_E": 0.01,
  "c_N": 0.01
}
2025-04-04 13:13:24,146 - INFO - User Game Info:
{
  "f": [
    2.99846955550259,
    2.644034124085324,
    2.646756943460686,
    3.435935416776448,
    3.7650313101375987,
    2.9424322320454115,
    3.5520007116167607,
    2.4828859294571806,
    2.099494296866843,
    3.606414546916449,
    3.798005641395017,
    2.701574127800119
  ],
  "b": [
    6.039172210565163,
    1.7242093559287794,
    3.0227351554905186,
    2.854538315572467,
    3.503550485201296,
    4.209661967582409,
    2.780544534992313,
    2.28180461869429,
    5.3216177882279885,
    3.7485938380470456,
    2.07694667638095,
    2.4366250523986075
  ],
  "sum_offload_cost": 229.32112191051317,
  "social_cost": 249.9185709194688,
  "sum_f": 36.67303483606043,
  "sum_b": 39.99999999908182,
  "f_utilization": 0.3667303483606043,
  "b_utilization": 0.9999999999770456
}
2025-04-04 13:13:24,150 - INFO - User Info:
2025-04-04 13:13:24,152 - INFO - {
  "user id": 0,
  "task": [
    0.7301091327795579,
    51.852790828122664,
    10.666954820929941
  ],
  "S_i": 29.35127707894157,
  "local_cpu": 1.1013962436640183,
  "C_l_i": 7.0710620074382895,
  "C_hat_ei": 13.593581450002722,
  "C_hat_ef_i": 8.02520426120707,
  "C_hat_eb_i": 5.568377188795651,
  "f_thres": NaN,
  "B_thres": NaN,
  "f_hat": 1.9408954290059364,
  "B_hat": 6.768414379308666
}
2025-04-04 13:13:24,153 - INFO - {
  "user id": 1,
  "task": [
    1.8321804261960515,
    46.963679284405075,
    10.145069122121802
  ],
  "S_i": 31.75781288118785,
  "local_cpu": 1.0614329830400666,
  "C_l_i": 17.511795247515767,
  "C_hat_ei": 17.36648559214402,
  "C_hat_ef_i": 12.398056224191576,
  "C_hat_eb_i": 4.968429367952444,
  "f_thres": 2.573193005269566,
  "B_thres": 4.744560908235992,
  "f_hat": 2.998469555524143,
  "B_hat": 6.039172210584762
}
2025-04-04 13:13:24,157 - INFO - {
  "user id": 2,
  "task": [
    1.0088422517197586,
    12.09571543888293,
    14.333243204496
  ],
  "S_i": 29.372148451780856,
  "local_cpu": 0.7212675297127461,
  "C_l_i": 20.048013744122855,
  "C_hat_ei": 14.051597846932278,
  "C_hat_ef_i": 10.935177657246186,
  "C_hat_eb_i": 3.116420189686093,
  "f_thres": 0.9685723850785742,
  "B_thres": 0.6678526916691948,
  "f_hat": 2.6446724144968563,
  "B_hat": 3.7880377906657774
}
2025-04-04 13:13:24,158 - INFO - {
  "user id": 3,
  "task": [
    0.6533253999928945,
    68.71217798453873,
    14.244695738724307
  ],
  "S_i": 33.16507846717124,
  "local_cpu": 1.1681416875760657,
  "C_l_i": 7.966860219320041,
  "C_hat_ei": 15.741192813511457,
  "C_hat_ef_i": 8.772701189379545,
  "C_hat_eb_i": 6.9684916241319135,
  "f_thres": NaN,
  "B_thres": NaN,
  "f_hat": 2.1216775404468873,
  "B_hat": 8.470266526802506
}
2025-04-04 13:13:24,159 - INFO - {
  "user id": 4,
  "task": [
    1.3915167216794377,
    56.220174923970156,
    10.412500248485777
  ],
  "S_i": 32.33279042202989,
  "local_cpu": 0.683613375817467,
  "C_l_i": 21.19497470764534,
  "C_hat_ei": 16.404262667231535,
  "C_hat_ef_i": 10.946208190919227,
  "C_hat_eb_i": 5.458054476312308,
  "f_thres": 1.071558590301806,
  "B_thres": 1.9135421977832565,
  "f_hat": 2.6473401487611405,
  "B_hat": 6.634316093898137
}
2025-04-04 13:13:24,161 - INFO - {
  "user id": 5,
  "task": [
    0.5102590981289139,
    47.11058110018923,
    12.377981835036266
  ],
  "S_i": 32.21902523846965,
  "local_cpu": 1.1360639304817615,
  "C_l_i": 5.5595267821973,
  "C_hat_ei": 12.684194008578846,
  "C_hat_ef_i": 7.227070242811032,
  "C_hat_eb_i": 5.457123765767814,
  "f_thres": NaN,
  "B_thres": NaN,
  "f_hat": 1.7478667386924498,
  "B_hat": 6.63318480655557
}
2025-04-04 13:13:24,163 - INFO - {
  "user id": 6,
  "task": [
    2.320306151560313,
    45.81840831971447,
    10.520094749273815
  ],
  "S_i": 29.849340761904873,
  "local_cpu": 0.788367088370451,
  "C_l_i": 30.96253118860193,
  "C_hat_ei": 19.362361488921323,
  "C_hat_ef_i": 14.207721914055487,
  "C_hat_eb_i": 5.154639574865836,
  "f_thres": 1.0309752655766216,
  "B_thres": 0.9877500130813937,
  "f_hat": 3.436137152654866,
  "B_hat": 6.265512452869828
}
2025-04-04 13:13:24,164 - INFO - {
  "user id": 7,
  "task": [
    2.2300342412143634,
    56.39676412228468,
    13.143928979410806
  ],
  "S_i": 30.476560136772544,
  "local_cpu": 0.6448239599403556,
  "C_l_i": 45.45645557414939,
  "C_hat_ei": 21.895181553534584,
  "C_hat_ef_i": 15.568986584382477,
  "C_hat_eb_i": 6.326194969152107,
  "f_thres": 0.7813261790858949,
  "B_thres": 0.8231378073463484,
  "f_hat": 3.7653589755904404,
  "B_hat": 7.689548955425588
}
2025-04-04 13:13:24,166 - INFO - {
  "user id": 8,
  "task": [
    1.3088104861508152,
    79.53721945237545,
    13.678635407535603
  ],
  "S_i": 30.88551693528794,
  "local_cpu": 0.7878788423606446,
  "C_l_i": 22.72270874031366,
  "C_hat_ei": 19.78067177722506,
  "C_hat_ef_i": 12.167510976038084,
  "C_hat_eb_i": 7.613160801186974,
  "f_thres": 1.4876929576973619,
  "B_thres": 3.9432477607824206,
  "f_hat": 2.94271219362332,
  "B_hat": 9.25386792087766
}
2025-04-04 13:13:24,167 - INFO - {
  "user id": 9,
  "task": [
    1.953975983935977,
    36.74217578509338,
    13.350725823511908
  ],
  "S_i": 32.01291682728019,
  "local_cpu": 0.8780241249271592,
  "C_l_i": 29.71102602610186,
  "C_hat_ei": 19.708914594439605,
  "C_hat_ef_i": 14.687707870858073,
  "C_hat_eb_i": 5.021206723581533,
  "f_thres": 1.1715098664475079,
  "B_thres": 1.0501450782283706,
  "f_hat": 3.552221743055692,
  "B_hat": 6.103323578322669
}
2025-04-04 13:13:24,168 - INFO - {
  "user id": 10,
  "task": [
    0.9121637018266036,
    22.339626316834536,
    13.978694324080221
  ],
  "S_i": 30.251669502872822,
  "local_cpu": 0.7097317430649174,
  "C_l_i": 17.965742248320513,
  "C_hat_ei": 14.389893296501175,
  "C_hat_ef_i": 10.268610335065251,
  "C_hat_eb_i": 4.1212829614359245,
  "f_thres": 1.1025296838431318,
  "B_thres": 1.4541090449945262,
  "f_hat": 2.4834631260305824,
  "B_hat": 5.009457856682272
}
2025-04-04 13:13:24,170 - INFO - {
  "user id": 11,
  "task": [
    0.7889567568456575,
    37.08488002259381,
    11.55134763422295
  ],
  "S_i": 29.850957279952308,
  "local_cpu": 0.6717402770743519,
  "C_l_i": 13.567019989311378,
  "C_hat_ei": 13.540577873968497,
  "C_hat_ef_i": 8.681302784996316,
  "C_hat_eb_i": 4.859275088972181,
  "f_thres": 1.9419723230445873,
  "B_thres": 5.321617788225754,
  "f_hat": 2.099572838870212,
  "B_hat": 5.906494166988926
}
2025-04-04 13:13:24,171 - INFO - {
  "user id": 12,
  "task": [
    1.9955412235857262,
    59.85055864550405,
    13.476304334775465
  ],
  "S_i": 28.958423420650938,
  "local_cpu": 0.8523377430249472,
  "C_l_i": 31.551484211164794,
  "C_hat_ei": 21.682426181069136,
  "C_hat_ef_i": 14.912749875225808,
  "C_hat_eb_i": 6.769676305843327,
  "f_thres": 1.2066344210337747,
  "B_thres": 1.749636155630004,
  "f_hat": 3.606648145598868,
  "B_hat": 8.228604654140764
}
2025-04-04 13:13:24,172 - INFO - {
  "user id": 13,
  "task": [
    2.2993472387348257,
    22.297751679414603,
    12.972245934092154
  ],
  "S_i": 33.97495676316559,
  "local_cpu": 0.5169180374863812,
  "C_l_i": 57.70295425129116,
  "C_hat_ei": 19.448284679484008,
  "C_hat_ef_i": 15.705502795486142,
  "C_hat_eb_i": 3.742781883997867,
  "f_thres": 0.5650032041451621,
  "B_thres": 0.2031230908810262,
  "f_hat": 3.7983754174768003,
  "B_hat": 4.549386268810966
}
2025-04-04 13:13:24,173 - INFO - {
  "user id": 14,
  "task": [
    1.4626066669106332,
    28.982433656499772,
    10.318602841586573
  ],
  "S_i": 30.00172937681165,
  "local_cpu": 0.9278943127690151,
  "C_l_i": 16.264845146286028,
  "C_hat_ei": 15.221486463424373,
  "C_hat_ef_i": 11.171621150996556,
  "C_hat_eb_i": 4.049865312427817,
  "f_thres": 1.759526787304624,
  "B_thres": 2.4366250523798696,
  "f_hat": 2.701856266932441,
  "B_hat": 4.92264903858433
}
2025-04-04 13:13:24,177 - INFO - ----- End of Single Experiment -----

2025-04-04 13:13:24,178 - INFO - ===== Experiment 3 =====
2025-04-04 13:13:24,179 - INFO - ----- Single Experiment Result -----
2025-04-04 13:13:24,181 - INFO - Sweep Parameter: num_users
2025-04-04 13:13:24,182 - INFO - SP Info:
{
  "X": [
    1,
    2,
    4,
    6,
    7,
    8,
    9,
    10,
    11,
    12,
    13,
    14,
    15,
    16,
    19
  ],
  "U_X": 113.44192547570263,
  "p_E": 2.1032305149,
  "p_N": 0.4031845879,
  "f_max": 100,
  "B_max": 40,
  "c_E": 0.01,
  "c_N": 0.01
}
2025-04-04 13:13:24,183 - INFO - User Game Info:
{
  "f": [
    2.972716378876449,
    2.621356920274379,
    2.624059655530709,
    3.4058456005982105,
    3.73197575380411,
    2.9170191034752357,
    3.5209790651110224,
    2.4616575207652205,
    2.0816097503705273,
    3.5749407868858354,
    3.764540893211279,
    2.678423074358183,
    3.9656170332806027,
    3.631622209410958,
    2.728850417586419
  ],
  "b": [
    5.050746234949187,
    1.2299391790151828,
    2.1554778298354265,
    2.0343615011825493,
    2.498582042800594,
    3.9828156925204596,
    1.98170228475015,
    1.6272949292583543,
    5.959420968899842,
    2.673349273315687,
    1.477762333993113,
    2.49861698999249,
    2.9455740551727296,
    1.6445259803305061,
    2.239830703984811
  ],
  "sum_offload_cost": 318.4921171042607,
  "social_cost": 357.8509587094862,
  "sum_f": 46.681214163539146,
  "sum_b": 40.00000000000107,
  "f_utilization": 0.4668121416353915,
  "b_utilization": 1.0000000000000269
}
2025-04-04 13:13:24,184 - INFO - User Info:
2025-04-04 13:13:24,189 - INFO - {
  "user id": 0,
  "task": [
    0.7301091327795579,
    51.852790828122664,
    10.666954820929941
  ],
  "S_i": 29.35127707894157,
  "local_cpu": 1.1013962436640183,
  "C_l_i": 7.0710620074382895,
  "C_hat_ei": 13.607285766487049,
  "C_hat_ef_i": 8.094453845371115,
  "C_hat_eb_i": 5.512831921115935,
  "f_thres": NaN,
  "B_thres": NaN,
  "f_hat": 1.9242907013822912,
  "B_hat": 6.83661043423026
}
2025-04-04 13:13:24,191 - INFO - {
  "user id": 1,
  "task": [
    1.8321804261960515,
    46.963679284405075,
    10.145069122121802
  ],
  "S_i": 31.75781288118785,
  "local_cpu": 1.0614329830400666,
  "C_l_i": 17.511795247515767,
  "C_hat_ei": 17.423907856344925,
  "C_hat_ef_i": 12.505039200577347,
  "C_hat_eb_i": 4.918868655767578,
  "f_thres": 2.6406365576061868,
  "B_thres": 5.050746234949165,
  "f_hat": 2.97281708114907,
  "B_hat": 6.10002068951552
}
2025-04-04 13:13:24,192 - INFO - {
  "user id": 2,
  "task": [
    1.0088422517197586,
    12.09571543888293,
    14.333243204496
  ],
  "S_i": 29.372148451780856,
  "local_cpu": 0.7212675297127461,
  "C_l_i": 20.048013744122855,
  "C_hat_ei": 14.114870940476989,
  "C_hat_ef_i": 11.029537436870081,
  "C_hat_eb_i": 3.0853335036069076,
  "f_thres": 0.968844464577538,
  "B_thres": 0.6748570013099203,
  "f_hat": 2.6220467416037114,
  "B_hat": 3.8262046667966243
}
2025-04-04 13:13:24,193 - INFO - {
  "user id": 3,
  "task": [
    0.6533253999928945,
    68.71217798453873,
    14.244695738724307
  ],
  "S_i": 33.16507846717124,
  "local_cpu": 1.1681416875760657,
  "C_l_i": 7.966860219320041,
  "C_hat_ei": 15.747380971172534,
  "C_hat_ef_i": 8.848400933533917,
  "C_hat_eb_i": 6.8989800376386174,
  "f_thres": NaN,
  "B_thres": NaN,
  "f_hat": 2.1035261876548565,
  "B_hat": 8.555609818287175
}
2025-04-04 13:13:24,194 - INFO - {
  "user id": 4,
  "task": [
    1.3915167216794377,
    56.220174923970156,
    10.412500248485777
  ],
  "S_i": 32.33279042202989,
  "local_cpu": 0.683613375817467,
  "C_l_i": 21.19497470764534,
  "C_hat_ei": 16.444272844812673,
  "C_hat_ef_i": 11.040663153150954,
  "C_hat_eb_i": 5.403609691661718,
  "f_thres": 1.0700350971127284,
  "B_thres": 1.9310735918055164,
  "f_hat": 2.624691652896614,
  "B_hat": 6.701161023796313
}
2025-04-04 13:13:24,195 - INFO - {
  "user id": 5,
  "task": [
    0.5102590981289139,
    47.11058110018923,
    12.377981835036266
  ],
  "S_i": 32.21902523846965,
  "local_cpu": 1.1360639304817615,
  "C_l_i": 5.5595267821973,
  "C_hat_ei": 12.692120983996501,
  "C_hat_ef_i": 7.289432718923724,
  "C_hat_eb_i": 5.402688265072777,
  "f_thres": NaN,
  "B_thres": NaN,
  "f_hat": 1.732913408036567,
  "B_hat": 6.700018338018392
}
2025-04-04 13:13:24,197 - INFO - {
  "user id": 6,
  "task": [
    2.320306151560313,
    45.81840831971447,
    10.520094749273815
  ],
  "S_i": 29.849340761904873,
  "local_cpu": 0.788367088370451,
  "C_l_i": 30.96253118860193,
  "C_hat_ei": 19.433541909744783,
  "C_hat_ef_i": 14.330320517460846,
  "C_hat_eb_i": 5.1032213922839365,
  "f_thres": 1.0302819245244184,
  "B_thres": 0.9948952885784694,
  "f_hat": 3.406740349177131,
  "B_hat": 6.328641452869305
}
2025-04-04 13:13:24,201 - INFO - {
  "user id": 7,
  "task": [
    2.2300342412143634,
    56.39676412228468,
    13.143928979410806
  ],
  "S_i": 30.476560136772544,
  "local_cpu": 0.6448239599403556,
  "C_l_i": 45.45645557414939,
  "C_hat_ei": 21.966421930150283,
  "C_hat_ef_i": 15.703331557012733,
  "C_hat_eb_i": 6.26309037313755,
  "f_thres": 0.7805622844324613,
  "B_thres": 0.8267493336298837,
  "f_hat": 3.7331456171268425,
  "B_hat": 7.767026023686892
}
2025-04-04 13:13:24,203 - INFO - {
  "user id": 8,
  "task": [
    1.3088104861508152,
    79.53721945237545,
    13.678635407535603
  ],
  "S_i": 30.88551693528794,
  "local_cpu": 0.7878788423606446,
  "C_l_i": 22.72270874031366,
  "C_hat_ei": 19.809723132709383,
  "C_hat_ef_i": 12.272504574702618,
  "C_hat_eb_i": 7.5372185580067645,
  "f_thres": 1.4839246413425404,
  "B_thres": 3.98281569252033,
  "f_hat": 2.9175367340289196,
  "B_hat": 9.347106491922982
}
2025-04-04 13:13:24,204 - INFO - {
  "user id": 9,
  "task": [
    1.953975983935977,
    36.74217578509338,
    13.350725823511908
  ],
  "S_i": 32.01291682728019,
  "local_cpu": 0.8780241249271592,
  "C_l_i": 29.71102602610186,
  "C_hat_ei": 19.7855678294521,
  "C_hat_ef_i": 14.814448278861956,
  "C_hat_eb_i": 4.97111955059014,
  "f_thres": 1.1710304358828423,
  "B_thres": 1.0589795419059804,
  "f_hat": 3.52183181394321,
  "B_hat": 6.164818422849914
}
2025-04-04 13:13:24,205 - INFO - {
  "user id": 10,
  "task": [
    0.9121637018266036,
    22.339626316834536,
    13.978694324080221
  ],
  "S_i": 30.251669502872822,
  "local_cpu": 0.7097317430649174,
  "C_l_i": 17.965742248320513,
  "C_hat_ei": 14.437390939188116,
  "C_hat_ef_i": 10.357218297243017,
  "C_hat_eb_i": 4.0801726419451,
  "f_thres": 1.1023385545557989,
  "B_thres": 1.471464837646993,
  "f_hat": 2.4622166291019845,
  "B_hat": 5.059931312351014
}
2025-04-04 13:13:24,206 - INFO - {
  "user id": 11,
  "task": [
    0.7889567568456575,
    37.08488002259381,
    11.55134763422295
  ],
  "S_i": 29.850957279952308,
  "local_cpu": 0.6717402770743519,
  "C_l_i": 13.567019989311378,
  "C_hat_ei": 13.56701705576343,
  "C_hat_ef_i": 8.756213851219163,
  "C_hat_eb_i": 4.810803204544267,
  "f_thres": 2.079907358702663,
  "B_thres": 5.959420968899841,
  "f_hat": 2.0816105959825055,
  "B_hat": 5.966005830730648
}
2025-04-04 13:13:24,208 - INFO - {
  "user id": 12,
  "task": [
    1.9955412235857262,
    59.85055864550405,
    13.476304334775465
  ],
  "S_i": 28.958423420650938,
  "local_cpu": 0.8523377430249472,
  "C_l_i": 31.551484211164794,
  "C_hat_ei": 21.743580100723502,
  "C_hat_ef_i": 15.041432173394062,
  "C_hat_eb_i": 6.702147927329439,
  "f_thres": 1.205152369712876,
  "B_thres": 1.7628965483521295,
  "f_hat": 3.5757925883148434,
  "B_hat": 8.311513049441935
}
2025-04-04 13:13:24,210 - INFO - {
  "user id": 13,
  "task": [
    2.2993472387348257,
    22.297751679414603,
    12.972245934092154
  ],
  "S_i": 33.97495676316559,
  "local_cpu": 0.5169180374863812,
  "C_l_i": 57.70295425129116,
  "C_hat_ei": 19.546472928835897,
  "C_hat_ef_i": 15.841025768145167,
  "C_hat_eb_i": 3.705447160690731,
  "f_thres": 0.5648161633519997,
  "B_thres": 0.20377518505449632,
  "f_hat": 3.765879597105965,
  "B_hat": 4.595224212302698
}
2025-04-04 13:13:24,211 - INFO - {
  "user id": 14,
  "task": [
    1.4626066669106332,
    28.982433656499772,
    10.318602841586573
  ],
  "S_i": 30.00172937681165,
  "local_cpu": 0.9278943127690151,
  "C_l_i": 16.264845146286028,
  "C_hat_ei": 15.277488597404659,
  "C_hat_ef_i": 11.26802120437394,
  "C_hat_eb_i": 4.009467393030721,
  "f_thres": 1.7677671355737514,
  "B_thres": 2.498616989992426,
  "f_hat": 2.678741375362198,
  "B_hat": 4.972247840516625
}
2025-04-04 13:13:24,212 - INFO - {
  "user id": 15,
  "task": [
    2.240362954069179,
    71.61930547812003,
    14.771597415980192
  ],
  "S_i": 31.29150733345807,
  "local_cpu": 0.8042748247607636,
  "C_l_i": 41.14730264375733,
  "C_hat_ei": 24.069872744143375,
  "C_hat_ef_i": 16.68577394400872,
  "C_hat_eb_i": 7.384098800134656,
  "f_thres": 1.0486775527650372,
  "B_thres": 1.4151332101039278,
  "f_hat": 3.966701183203892,
  "B_hat": 9.157218581438062
}
2025-04-04 13:13:24,217 - INFO - {
  "user id": 16,
  "task": [
    2.271798991095747,
    26.363332184105346,
    12.216563473644921
  ],
  "S_i": 30.556192796850738,
  "local_cpu": 0.8430767627483438,
  "C_l_i": 32.91939453248583,
  "C_hat_ei": 19.40327627473089,
  "C_hat_ef_i": 15.28033627224566,
  "C_hat_eb_i": 4.122940002485228,
  "f_thres": 1.043281529183073,
  "B_thres": 0.6059431662304708,
  "f_hat": 3.6325871472467153,
  "B_hat": 5.112968260964159
}
2025-04-04 13:13:24,219 - INFO - {
  "user id": 17,
  "task": [
    0.5894088048714938,
    30.437177790258854,
    13.760198431830126
  ],
  "S_i": 32.49146286866753,
  "local_cpu": 1.0438267566961386,
  "C_l_i": 7.769854585994827,
  "C_hat_ei": 12.819710863072395,
  "C_hat_ef_i": 8.260267101373485,
  "C_hat_eb_i": 4.559443761698911,
  "f_thres": NaN,
  "B_thres": NaN,
  "f_hat": 1.9637094086584768,
  "B_hat": 5.654288257206112
}
2025-04-04 13:13:24,223 - INFO - {
  "user id": 18,
  "task": [
    0.9304570299743724,
    73.15792500559404,
    12.761320735057017
  ],
  "S_i": 33.037867177699354,
  "local_cpu": 1.0802728952573992,
  "C_l_i": 10.991538010274999,
  "C_hat_ei": 16.745479577711308,
  "C_hat_ef_i": 9.994691775519188,
  "C_hat_eb_i": 6.7507878021921215,
  "f_thres": NaN,
  "B_thres": NaN,
  "f_hat": 2.376033369788379,
  "B_hat": 8.371832660263403
}
2025-04-04 13:13:24,224 - INFO - {
  "user id": 19,
  "task": [
    1.2883959959194526,
    51.06954583391312,
    12.163490397818002
  ],
  "S_i": 31.765756560314927,
  "local_cpu": 0.5897822391032512,
  "C_l_i": 26.571489078378104,
  "C_hat_ei": 17.098066689277886,
  "C_hat_ef_i": 11.482255971508682,
  "C_hat_eb_i": 5.615810717769203,
  "f_thres": 0.8144028496720165,
  "B_thres": 1.3442499838766497,
  "f_hat": 2.729671305680589,
  "B_hat": 6.964317196521988
}
2025-04-04 13:13:24,225 - INFO - ----- End of Single Experiment -----

2025-04-04 13:13:24,227 - INFO - ===== Experiment 4 =====
2025-04-04 13:13:24,228 - INFO - ----- Single Experiment Result -----
2025-04-04 13:13:24,229 - INFO - Sweep Parameter: num_users
2025-04-04 13:13:24,230 - INFO - SP Info:
{
  "X": [
    2,
    4,
    6,
    7,
    8,
    9,
    10,
    11,
    12,
    13,
    14,
    15,
    16,
    19,
    20,
    21,
    22,
    23,
    24
  ],
  "U_X": 141.92340129087188,
  "p_E": 2.10101331,
  "p_N": 0.40101331,
  "f_max": 100,
  "B_max": 40,
  "c_E": 0.01,
  "c_N": 0.01
}
2025-04-04 13:13:24,234 - INFO - User Game Info:
{
  "f": [
    2.623429903043736,
    2.6260756585496345,
    3.408537446222485,
    3.735114896929479,
    2.9190757702108465,
    3.5236896231093304,
    2.463515478009187,
    2.082708670940816,
    3.577678862455745,
    3.7678661444766277,
    2.680153966702247,
    3.96879366640919,
    3.634503381237855,
    2.7311111669644967,
    3.418315254102983,
    3.7425990616319003,
    3.769809900677553,
    3.472056873868758,
    2.2698226792765674
  ],
  "b": [
    1.1295051720785125,
    2.157626663409981,
    1.5895263678435618,
    2.1787689601571043,
    4.226266613855684,
    1.7114149862651844,
    1.5409156101062147,
    5.982135431657946,
    2.315186989732026,
    1.1776162779216917,
    2.55681698413394,
    2.506718341433961,
    1.4131553577390594,
    1.774530093294712,
    1.2195839110020703,
    2.3066147085054136,
    1.0631181218986223,
    1.8321521527927551,
    1.20222804945984
  ],
  "sum_offload_cost": 426.85212235691347,
  "social_cost": 483.72275920965467,
  "sum_f": 60.414858404819434,
  "sum_b": 39.88388079328829,
  "f_utilization": 0.6041485840481944,
  "b_utilization": 0.9970970198322073
}
2025-04-04 13:13:24,236 - INFO - User Info:
2025-04-04 13:13:24,237 - INFO - {
  "user id": 0,
  "task": [
    0.7301091327795579,
    51.852790828122664,
    10.666954820929941
  ],
  "S_i": 29.35127707894157,
  "local_cpu": 1.1013962436640183,
  "C_l_i": 7.0710620074382895,
  "C_hat_ei": 13.588153874376875,
  "C_hat_ef_i": 8.09018617356801,
  "C_hat_eb_i": 5.497967700808864,
  "f_thres": NaN,
  "B_thres": NaN,
  "f_hat": 1.9253057881789457,
  "B_hat": 6.855093788294538
}
2025-04-04 13:13:24,238 - INFO - {
  "user id": 1,
  "task": [
    1.8321804261960515,
    46.963679284405075,
    10.145069122121802
  ],
  "S_i": 31.75781288118785,
  "local_cpu": 1.0614329830400666,
  "C_l_i": 17.511795247515767,
  "C_hat_ei": 17.404052053482133,
  "C_hat_ef_i": 12.498446117929337,
  "C_hat_eb_i": 4.905605935552797,
  "f_thres": 2.6086330212802165,
  "B_thres": 4.9618922926479305,
  "f_hat": 2.9743852783896303,
  "B_hat": 6.116512610956475
}
2025-04-04 13:13:24,239 - INFO - {
  "user id": 2,
  "task": [
    1.0088422517197586,
    12.09571543888293,
    14.333243204496
  ],
  "S_i": 29.372148451780856,
  "local_cpu": 0.7212675297127461,
  "C_l_i": 20.048013744122855,
  "C_hat_ei": 14.100736823791165,
  "C_hat_ef_i": 11.023722289014549,
  "C_hat_eb_i": 3.0770145347766165,
  "f_thres": 0.9680584353735746,
  "B_thres": 0.674277830498334,
  "f_hat": 2.6234299032152606,
  "B_hat": 3.8365491344621656
}
2025-04-04 13:13:24,240 - INFO - {
  "user id": 3,
  "task": [
    0.6533253999928945,
    68.71217798453873,
    14.244695738724307
  ],
  "S_i": 33.16507846717124,
  "local_cpu": 1.1681416875760657,
  "C_l_i": 7.966860219320041,
  "C_hat_ei": 15.72411410844922,
  "C_hat_ef_i": 8.843735755142887,
  "C_hat_eb_i": 6.880378353306332,
  "f_thres": NaN,
  "B_thres": NaN,
  "f_hat": 2.104635823354895,
  "B_hat": 8.578740632457228
}
2025-04-04 13:13:24,242 - INFO - {
  "user id": 4,
  "task": [
    1.3915167216794377,
    56.220174923970156,
    10.412500248485777
  ],
  "S_i": 32.33279042202989,
  "local_cpu": 0.683613375817467,
  "C_l_i": 21.19497470764534,
  "C_hat_ei": 16.42388210612802,
  "C_hat_ef_i": 11.034842139438803,
  "C_hat_eb_i": 5.389039966689217,
  "f_thres": 1.068432623447179,
  "B_thres": 1.9288282348299477,
  "f_hat": 2.6260762097311043,
  "B_hat": 6.719278178932784
}
2025-04-04 13:13:24,243 - INFO - {
  "user id": 5,
  "task": [
    0.5102590981289139,
    47.11058110018923,
    12.377981835036266
  ],
  "S_i": 32.21902523846965,
  "local_cpu": 1.1360639304817615,
  "C_l_i": 5.5595267821973,
  "C_hat_ei": 12.673710506219393,
  "C_hat_ef_i": 7.285589481681353,
  "C_hat_eb_i": 5.388121024538041,
  "f_thres": NaN,
  "B_thres": NaN,
  "f_hat": 1.7338275409786321,
  "B_hat": 6.718132403807296
}
2025-04-04 13:13:24,244 - INFO - {
  "user id": 6,
  "task": [
    2.320306151560313,
    45.81840831971447,
    10.520094749273815
  ],
  "S_i": 29.849340761904873,
  "local_cpu": 0.788367088370451,
  "C_l_i": 30.96253118860193,
  "C_hat_ei": 19.412226687060222,
  "C_hat_ef_i": 14.322765084324761,
  "C_hat_eb_i": 5.089461602735462,
  "f_thres": 1.029514708518214,
  "B_thres": 0.9942851393514185,
  "f_hat": 3.408537446229877,
  "B_hat": 6.345751469864507
}
2025-04-04 13:13:24,249 - INFO - {
  "user id": 7,
  "task": [
    2.2300342412143634,
    56.39676412228468,
    13.143928979410806
  ],
  "S_i": 30.476560136772544,
  "local_cpu": 0.6448239599403556,
  "C_l_i": 45.45645557414939,
  "C_hat_ei": 21.94125546051686,
  "C_hat_ef_i": 15.695052225685272,
  "C_hat_eb_i": 6.2462032348315875,
  "f_thres": 0.7801578344554723,
  "B_thres": 0.8264630973025616,
  "f_hat": 3.735114896936391,
  "B_hat": 7.788024834925788
}
2025-04-04 13:13:24,250 - INFO - {
  "user id": 8,
  "task": [
    1.3088104861508152,
    79.53721945237545,
    13.678635407535603
  ],
  "S_i": 30.88551693528794,
  "local_cpu": 0.7878788423606446,
  "C_l_i": 22.72270874031366,
  "C_hat_ei": 19.782930086670795,
  "C_hat_ef_i": 12.266034092230612,
  "C_hat_eb_i": 7.516895994440183,
  "f_thres": 1.4800220488577442,
  "B_thres": 3.9745283219028766,
  "f_hat": 2.919075770212663,
  "B_hat": 9.372377184238827
}
2025-04-04 13:13:24,251 - INFO - {
  "user id": 9,
  "task": [
    1.953975983935977,
    36.74217578509338,
    13.350725823511908
  ],
  "S_i": 32.01291682728019,
  "local_cpu": 0.8780241249271592,
  "C_l_i": 29.71102602610186,
  "C_hat_ei": 19.764353543635195,
  "C_hat_ef_i": 14.806637597078353,
  "C_hat_eb_i": 4.957715946556844,
  "f_thres": 1.17008579800136,
  "B_thres": 1.0582178181281707,
  "f_hat": 3.52368962314626,
  "B_hat": 6.181485530438932
}
2025-04-04 13:13:24,253 - INFO - {
  "user id": 10,
  "task": [
    0.9121637018266036,
    22.339626316834536,
    13.978694324080221
  ],
  "S_i": 30.251669502872822,
  "local_cpu": 0.7097317430649174,
  "C_l_i": 17.965742248320513,
  "C_hat_ei": 14.42092891241177,
  "C_hat_ef_i": 10.3517576189403,
  "C_hat_eb_i": 4.069171293471468,
  "f_thres": 1.1007393262815177,
  "B_thres": 1.4694854733131748,
  "f_hat": 2.4635154783813107,
  "B_hat": 5.073611264263858
}
2025-04-04 13:13:24,254 - INFO - {
  "user id": 11,
  "task": [
    0.7889567568456575,
    37.08488002259381,
    11.55134763422295
  ],
  "S_i": 29.850957279952308,
  "local_cpu": 0.6717402770743519,
  "C_l_i": 13.567019989311378,
  "C_hat_ei": 13.549429137647135,
  "C_hat_ef_i": 8.751597276998263,
  "C_hat_eb_i": 4.797831860648872,
  "f_thres": 1.9547771228638382,
  "B_thres": 5.491337084779175,
  "f_hat": 2.082708670940848,
  "B_hat": 5.982135431675411
}
2025-04-04 13:13:24,459 - INFO - {
  "user id": 12,
  "task": [
    1.9955412235857262,
    59.85055864550405,
    13.476304334775465
  ],
  "S_i": 28.958423420650938,
  "local_cpu": 0.8523377430249472,
  "C_l_i": 31.551484211164794,
  "C_hat_ei": 21.717578778371212,
  "C_hat_ef_i": 15.033501817969103,
  "C_hat_eb_i": 6.684076960402111,
  "f_thres": 1.203890199201895,
  "B_thres": 1.7615242350035418,
  "f_hat": 3.5776788624840044,
  "B_hat": 8.333983927369033
}
2025-04-04 13:13:24,461 - INFO - {
  "user id": 13,
  "task": [
    2.2993472387348257,
    22.297751679414603,
    12.972245934092154
  ],
  "S_i": 33.97495676316559,
  "local_cpu": 0.5169180374863812,
  "C_l_i": 57.70295425129116,
  "C_hat_ei": 19.52813002234071,
  "C_hat_ef_i": 15.832673839739073,
  "C_hat_eb_i": 3.6954561826016388,
  "f_thres": 0.5646931756808352,
  "B_thres": 0.2037322166695874,
  "f_hat": 3.7678661444888877,
  "B_hat": 4.607647789298613
}
2025-04-04 13:13:24,463 - INFO - {
  "user id": 14,
  "task": [
    1.4626066669106332,
    28.982433656499772,
    10.318602841586573
  ],
  "S_i": 30.00172937681165,
  "local_cpu": 0.9278943127690151,
  "C_l_i": 16.264845146286028,
  "C_hat_ei": 15.260737006507746,
  "C_hat_ef_i": 11.262080319752279,
  "C_hat_eb_i": 3.9986566867554676,
  "f_thres": 1.7623973376564406,
  "B_thres": 2.4891586978089566,
  "f_hat": 2.6801544440840024,
  "B_hat": 4.985690732753318
}
2025-04-04 13:13:24,464 - INFO - {
  "user id": 15,
  "task": [
    2.240362954069179,
    71.61930547812003,
    14.771597415980192
  ],
  "S_i": 31.29150733345807,
  "local_cpu": 0.8042748247607636,
  "C_l_i": 41.14730264375733,
  "C_hat_ei": 24.04116572817051,
  "C_hat_ef_i": 16.676976635588147,
  "C_hat_eb_i": 7.364189092582361,
  "f_thres": 1.0478838632210745,
  "B_thres": 1.4144133854640646,
  "f_hat": 3.96879366642093,
  "B_hat": 9.181975895740669
}
2025-04-04 13:13:24,466 - INFO - {
  "user id": 16,
  "task": [
    2.271798991095747,
    26.363332184105346,
    12.216563473644921
  ],
  "S_i": 30.556192796850738,
  "local_cpu": 0.8430767627483438,
  "C_l_i": 32.91939453248583,
  "C_hat_ei": 19.38410329903928,
  "C_hat_ef_i": 15.27227995844157,
  "C_hat_eb_i": 4.111823340597708,
  "f_thres": 1.0427078889189187,
  "B_thres": 0.6056122529650239,
  "f_hat": 3.6345033812378778,
  "B_hat": 5.126791602749679
}
2025-04-04 13:13:24,470 - INFO - {
  "user id": 17,
  "task": [
    0.5894088048714938,
    30.437177790258854,
    13.760198431830126
  ],
  "S_i": 32.49146286866753,
  "local_cpu": 1.0438267566961386,
  "C_l_i": 7.769854585994827,
  "C_hat_ei": 12.803062164147692,
  "C_hat_ef_i": 8.255912007173423,
  "C_hat_eb_i": 4.5471501569742685,
  "f_thres": NaN,
  "B_thres": NaN,
  "f_hat": 1.9647452893036226,
  "B_hat": 5.669575103347901
}
2025-04-04 13:13:24,471 - INFO - {
  "user id": 18,
  "task": [
    0.9304570299743724,
    73.15792500559404,
    12.761320735057017
  ],
  "S_i": 33.037867177699354,
  "local_cpu": 1.0802728952573992,
  "C_l_i": 10.991538010274999,
  "C_hat_ei": 16.722007921368906,
  "C_hat_ef_i": 9.989422233548114,
  "C_hat_eb_i": 6.732585687820792,
  "f_thres": NaN,
  "B_thres": NaN,
  "f_hat": 2.3772867563480866,
  "B_hat": 8.394466617355908
}
2025-04-04 13:13:24,473 - INFO - {
  "user id": 19,
  "task": [
    1.2883959959194526,
    51.06954583391312,
    12.163490397818002
  ],
  "S_i": 31.765756560314927,
  "local_cpu": 0.5897822391032512,
  "C_l_i": 26.571489078378104,
  "C_hat_ei": 17.076870971283185,
  "C_hat_ef_i": 11.476202135019928,
  "C_hat_eb_i": 5.6006688362632575,
  "f_thres": 0.8136164167695358,
  "B_thres": 1.3433895323316074,
  "f_hat": 2.731111240561329,
  "B_hat": 6.983145816610498
}
2025-04-04 13:13:24,475 - INFO - {
  "user id": 20,
  "task": [
    1.7887409932276273,
    22.738847564287177,
    13.724785627661149
  ],
  "S_i": 27.094104077490158,
  "local_cpu": 0.7341422940870526,
  "C_l_i": 33.4405017572081,
  "C_hat_ei": 18.662273215349224,
  "C_hat_ef_i": 14.363851693301868,
  "C_hat_eb_i": 4.298421522047358,
  "f_thres": 0.9009478268733163,
  "B_thres": 0.6116704379351493,
  "f_hat": 3.418315254105141,
  "B_hat": 5.359449942007359
}
2025-04-04 13:13:24,476 - INFO - {
  "user id": 21,
  "task": [
    2.438511007662112,
    58.47024963919792,
    12.068427673666681
  ],
  "S_i": 27.508198550498022,
  "local_cpu": 1.0083481716325426,
  "C_l_i": 29.185349421285636,
  "C_hat_ei": 22.141123843049726,
  "C_hat_ef_i": 15.726500884964265,
  "C_hat_eb_i": 6.41462295808546,
  "f_thres": 1.5000111722051463,
  "B_thres": 2.0285805977746634,
  "f_hat": 3.7425990616319003,
  "B_hat": 7.998017519774418
}
2025-04-04 13:13:24,478 - INFO - {
  "user id": 22,
  "task": [
    2.310901968626947,
    9.153866091112564,
    12.920704153567934
  ],
  "S_i": 31.51737867848688,
  "local_cpu": 0.8659583314290705,
  "C_l_i": 34.48027414350499,
  "C_hat_ei": 18.29430568707571,
  "C_hat_ef_i": 15.840841554986634,
  "C_hat_eb_i": 2.4534641320890755,
  "f_thres": 0.9975811583743575,
  "B_thres": 0.20220944129304136,
  "f_hat": 3.769809900677553,
  "B_hat": 3.0590806725206647
}
2025-04-04 13:13:24,479 - INFO - {
  "user id": 23,
  "task": [
    2.1297037725012355,
    50.93554257273433,
    11.89277669725785
  ],
  "S_i": 27.89446257230875,
  "local_cpu": 0.8277357342489475,
  "C_l_i": 30.599248467442894,
  "C_hat_ei": 20.491720060970028,
  "C_hat_ef_i": 14.589675410150878,
  "C_hat_eb_i": 5.902044650819151,
  "f_thres": 1.1351677545347505,
  "B_thres": 1.405972875504599,
  "f_hat": 3.4720568738688473,
  "B_hat": 7.358913661518056
}
2025-04-04 13:13:24,480 - INFO - {
  "user id": 24,
  "task": [
    0.8630695134587012,
    13.049787281353076,
    12.542004660732033
  ],
  "S_i": 29.632618990591876,
  "local_cpu": 0.5662598259501054,
  "C_l_i": 19.11599828254202,
  "C_hat_ei": 12.514381286196453,
  "C_hat_ef_i": 9.537856070266585,
  "C_hat_eb_i": 2.9765252159298687,
  "f_thres": 0.7424512178628109,
  "B_thres": 0.5912972492735008,
  "f_hat": 2.2698228575873673,
  "B_hat": 3.7112548906791503
}
2025-04-04 13:13:24,482 - INFO - ----- End of Single Experiment -----

2025-04-04 13:13:24,484 - INFO - ===== Experiment 5 =====
2025-04-04 13:13:24,485 - INFO - ----- Single Experiment Result -----
2025-04-04 13:13:24,486 - INFO - Sweep Parameter: num_users
2025-04-04 13:13:24,487 - INFO - SP Info:
{
  "X": [
    2,
    6,
    7,
    9,
    10,
    11,
    12,
    13,
    16,
    19,
    20,
    21,
    22,
    23,
    24,
    28,
    29
  ],
  "U_X": 130.48951003179113,
  "p_E": 2.1032305149,
  "p_N": 0.4031845879,
  "f_max": 100,
  "B_max": 40,
  "c_E": 0.01,
  "c_N": 0.01
}
2025-04-04 13:13:24,489 - INFO - User Game Info:
{
  "f": [
    2.6220467416036985,
    3.406740349177131,
    3.7331456171268425,
    3.52183181394321,
    2.4622166291019845,
    2.0816105959825055,
    3.575792588314843,
    3.765879597105965,
    3.632587147246714,
    2.729671305680589,
    3.4165130018590046,
    3.7406258359157762,
    3.7678223284801544,
    3.4702262872100746,
    2.2686261296558206,
    3.785974094789895,
    2.844054701409155
  ],
  "b": [
    1.3437140462151806,
    2.218544492524069,
    2.723704196881775,
    2.1624201137756582,
    1.7769990847074804,
    5.959420968899843,
    2.9145240554932013,
    1.6107041291900583,
    1.79178102779467,
    2.4400038859014006,
    1.8752022877271592,
    2.797758673667823,
    1.0714208572957586,
    2.5727072494338743,
    1.2970713359819472,
    4.301100907914075,
    1.142922686596313
  ],
  "sum_offload_cost": 354.1337418752388,
  "social_cost": 594.1348935892264,
  "sum_f": 54.825364764603364,
  "sum_b": 40.00000000000029,
  "f_utilization": 0.5482536476460337,
  "b_utilization": 1.0000000000000073
}
2025-04-04 13:13:24,490 - INFO - User Info:
2025-04-04 13:13:24,491 - INFO - {
  "user id": 0,
  "task": [
    0.7301091327795579,
    51.852790828122664,
    10.666954820929941
  ],
  "S_i": 29.35127707894157,
  "local_cpu": 1.1013962436640183,
  "C_l_i": 7.0710620074382895,
  "C_hat_ei": 13.607285766487049,
  "C_hat_ef_i": 8.094453845371115,
  "C_hat_eb_i": 5.512831921115935,
  "f_thres": NaN,
  "B_thres": NaN,
  "f_hat": 1.9242907013822912,
  "B_hat": 6.83661043423026
}
2025-04-04 13:13:24,493 - INFO - {
  "user id": 1,
  "task": [
    1.8321804261960515,
    46.963679284405075,
    10.145069122121802
  ],
  "S_i": 31.75781288118785,
  "local_cpu": 1.0614329830400666,
  "C_l_i": 17.511795247515767,
  "C_hat_ei": 17.423907856344925,
  "C_hat_ef_i": 12.505039200577347,
  "C_hat_eb_i": 4.918868655767578,
  "f_thres": 2.6406365576061868,
  "B_thres": 5.050746234949165,
  "f_hat": 2.97281708114907,
  "B_hat": 6.10002068951552
}
2025-04-04 13:13:24,494 - INFO - {
  "user id": 2,
  "task": [
    1.0088422517197586,
    12.09571543888293,
    14.333243204496
  ],
  "S_i": 29.372148451780856,
  "local_cpu": 0.7212675297127461,
  "C_l_i": 20.048013744122855,
  "C_hat_ei": 14.114870940476989,
  "C_hat_ef_i": 11.029537436870081,
  "C_hat_eb_i": 3.0853335036069076,
  "f_thres": 0.968844464577538,
  "B_thres": 0.6748570013099203,
  "f_hat": 2.6220467416037114,
  "B_hat": 3.8262046667966243
}
2025-04-04 13:13:24,496 - INFO - {
  "user id": 3,
  "task": [
    0.6533253999928945,
    68.71217798453873,
    14.244695738724307
  ],
  "S_i": 33.16507846717124,
  "local_cpu": 1.1681416875760657,
  "C_l_i": 7.966860219320041,
  "C_hat_ei": 15.747380971172534,
  "C_hat_ef_i": 8.848400933533917,
  "C_hat_eb_i": 6.8989800376386174,
  "f_thres": NaN,
  "B_thres": NaN,
  "f_hat": 2.1035261876548565,
  "B_hat": 8.555609818287175
}
2025-04-04 13:13:24,497 - INFO - {
  "user id": 4,
  "task": [
    1.3915167216794377,
    56.220174923970156,
    10.412500248485777
  ],
  "S_i": 32.33279042202989,
  "local_cpu": 0.683613375817467,
  "C_l_i": 21.19497470764534,
  "C_hat_ei": 16.444272844812673,
  "C_hat_ef_i": 11.040663153150954,
  "C_hat_eb_i": 5.403609691661718,
  "f_thres": 1.0700350971127284,
  "B_thres": 1.9310735918055164,
  "f_hat": 2.624691652896614,
  "B_hat": 6.701161023796313
}
2025-04-04 13:13:24,498 - INFO - {
  "user id": 5,
  "task": [
    0.5102590981289139,
    47.11058110018923,
    12.377981835036266
  ],
  "S_i": 32.21902523846965,
  "local_cpu": 1.1360639304817615,
  "C_l_i": 5.5595267821973,
  "C_hat_ei": 12.692120983996501,
  "C_hat_ef_i": 7.289432718923724,
  "C_hat_eb_i": 5.402688265072777,
  "f_thres": NaN,
  "B_thres": NaN,
  "f_hat": 1.732913408036567,
  "B_hat": 6.700018338018392
}
2025-04-04 13:13:24,499 - INFO - {
  "user id": 6,
  "task": [
    2.320306151560313,
    45.81840831971447,
    10.520094749273815
  ],
  "S_i": 29.849340761904873,
  "local_cpu": 0.788367088370451,
  "C_l_i": 30.96253118860193,
  "C_hat_ei": 19.433541909744783,
  "C_hat_ef_i": 14.330320517460846,
  "C_hat_eb_i": 5.1032213922839365,
  "f_thres": 1.0302819245244184,
  "B_thres": 0.9948952885784694,
  "f_hat": 3.406740349177131,
  "B_hat": 6.328641452869305
}
2025-04-04 13:13:24,500 - INFO - {
  "user id": 7,
  "task": [
    2.2300342412143634,
    56.39676412228468,
    13.143928979410806
  ],
  "S_i": 30.476560136772544,
  "local_cpu": 0.6448239599403556,
  "C_l_i": 45.45645557414939,
  "C_hat_ei": 21.966421930150283,
  "C_hat_ef_i": 15.703331557012733,
  "C_hat_eb_i": 6.26309037313755,
  "f_thres": 0.7805622844324613,
  "B_thres": 0.8267493336298837,
  "f_hat": 3.7331456171268425,
  "B_hat": 7.767026023686892
}
2025-04-04 13:13:24,502 - INFO - {
  "user id": 8,
  "task": [
    1.3088104861508152,
    79.53721945237545,
    13.678635407535603
  ],
  "S_i": 30.88551693528794,
  "local_cpu": 0.7878788423606446,
  "C_l_i": 22.72270874031366,
  "C_hat_ei": 19.809723132709383,
  "C_hat_ef_i": 12.272504574702618,
  "C_hat_eb_i": 7.5372185580067645,
  "f_thres": 1.4839246413425404,
  "B_thres": 3.98281569252033,
  "f_hat": 2.9175367340289196,
  "B_hat": 9.347106491922982
}
2025-04-04 13:13:24,503 - INFO - {
  "user id": 9,
  "task": [
    1.953975983935977,
    36.74217578509338,
    13.350725823511908
  ],
  "S_i": 32.01291682728019,
  "local_cpu": 0.8780241249271592,
  "C_l_i": 29.71102602610186,
  "C_hat_ei": 19.7855678294521,
  "C_hat_ef_i": 14.814448278861956,
  "C_hat_eb_i": 4.97111955059014,
  "f_thres": 1.1710304358828423,
  "B_thres": 1.0589795419059804,
  "f_hat": 3.52183181394321,
  "B_hat": 6.164818422849914
}
2025-04-04 13:13:24,504 - INFO - {
  "user id": 10,
  "task": [
    0.9121637018266036,
    22.339626316834536,
    13.978694324080221
  ],
  "S_i": 30.251669502872822,
  "local_cpu": 0.7097317430649174,
  "C_l_i": 17.965742248320513,
  "C_hat_ei": 14.437390939188116,
  "C_hat_ef_i": 10.357218297243017,
  "C_hat_eb_i": 4.0801726419451,
  "f_thres": 1.1023385545557989,
  "B_thres": 1.471464837646993,
  "f_hat": 2.4622166291019845,
  "B_hat": 5.059931312351014
}
2025-04-04 13:13:24,505 - INFO - {
  "user id": 11,
  "task": [
    0.7889567568456575,
    37.08488002259381,
    11.55134763422295
  ],
  "S_i": 29.850957279952308,
  "local_cpu": 0.6717402770743519,
  "C_l_i": 13.567019989311378,
  "C_hat_ei": 13.56701705576343,
  "C_hat_ef_i": 8.756213851219163,
  "C_hat_eb_i": 4.810803204544267,
  "f_thres": 2.079907358702663,
  "B_thres": 5.959420968899841,
  "f_hat": 2.0816105959825055,
  "B_hat": 5.966005830730648
}
2025-04-04 13:13:24,507 - INFO - {
  "user id": 12,
  "task": [
    1.9955412235857262,
    59.85055864550405,
    13.476304334775465
  ],
  "S_i": 28.958423420650938,
  "local_cpu": 0.8523377430249472,
  "C_l_i": 31.551484211164794,
  "C_hat_ei": 21.743580100723502,
  "C_hat_ef_i": 15.041432173394062,
  "C_hat_eb_i": 6.702147927329439,
  "f_thres": 1.205152369712876,
  "B_thres": 1.7628965483521295,
  "f_hat": 3.5757925883148434,
  "B_hat": 8.311513049441935
}
2025-04-04 13:13:24,508 - INFO - {
  "user id": 13,
  "task": [
    2.2993472387348257,
    22.297751679414603,
    12.972245934092154
  ],
  "S_i": 33.97495676316559,
  "local_cpu": 0.5169180374863812,
  "C_l_i": 57.70295425129116,
  "C_hat_ei": 19.546472928835897,
  "C_hat_ef_i": 15.841025768145167,
  "C_hat_eb_i": 3.705447160690731,
  "f_thres": 0.5648161633519997,
  "B_thres": 0.20377518505449632,
  "f_hat": 3.765879597105965,
  "B_hat": 4.595224212302698
}
2025-04-04 13:13:24,510 - INFO - {
  "user id": 14,
  "task": [
    1.4626066669106332,
    28.982433656499772,
    10.318602841586573
  ],
  "S_i": 30.00172937681165,
  "local_cpu": 0.9278943127690151,
  "C_l_i": 16.264845146286028,
  "C_hat_ei": 15.277488597404659,
  "C_hat_ef_i": 11.26802120437394,
  "C_hat_eb_i": 4.009467393030721,
  "f_thres": 1.7677671355737514,
  "B_thres": 2.498616989992426,
  "f_hat": 2.678741375362198,
  "B_hat": 4.972247840516625
}
2025-04-04 13:13:24,511 - INFO - {
  "user id": 15,
  "task": [
    2.240362954069179,
    71.61930547812003,
    14.771597415980192
  ],
  "S_i": 31.29150733345807,
  "local_cpu": 0.8042748247607636,
  "C_l_i": 41.14730264375733,
  "C_hat_ei": 24.069872744143375,
  "C_hat_ef_i": 16.68577394400872,
  "C_hat_eb_i": 7.384098800134656,
  "f_thres": 1.0486775527650372,
  "B_thres": 1.4151332101039278,
  "f_hat": 3.966701183203892,
  "B_hat": 9.157218581438062
}
2025-04-04 13:13:24,512 - INFO - {
  "user id": 16,
  "task": [
    2.271798991095747,
    26.363332184105346,
    12.216563473644921
  ],
  "S_i": 30.556192796850738,
  "local_cpu": 0.8430767627483438,
  "C_l_i": 32.91939453248583,
  "C_hat_ei": 19.40327627473089,
  "C_hat_ef_i": 15.28033627224566,
  "C_hat_eb_i": 4.122940002485228,
  "f_thres": 1.043281529183073,
  "B_thres": 0.6059431662304708,
  "f_hat": 3.6325871472467153,
  "B_hat": 5.112968260964159
}
2025-04-04 13:13:24,513 - INFO - {
  "user id": 17,
  "task": [
    0.5894088048714938,
    30.437177790258854,
    13.760198431830126
  ],
  "S_i": 32.49146286866753,
  "local_cpu": 1.0438267566961386,
  "C_l_i": 7.769854585994827,
  "C_hat_ei": 12.819710863072395,
  "C_hat_ef_i": 8.260267101373485,
  "C_hat_eb_i": 4.559443761698911,
  "f_thres": NaN,
  "B_thres": NaN,
  "f_hat": 1.9637094086584768,
  "B_hat": 5.654288257206112
}
2025-04-04 13:13:24,515 - INFO - {
  "user id": 18,
  "task": [
    0.9304570299743724,
    73.15792500559404,
    12.761320735057017
  ],
  "S_i": 33.037867177699354,
  "local_cpu": 1.0802728952573992,
  "C_l_i": 10.991538010274999,
  "C_hat_ei": 16.745479577711308,
  "C_hat_ef_i": 9.994691775519188,
  "C_hat_eb_i": 6.7507878021921215,
  "f_thres": NaN,
  "B_thres": NaN,
  "f_hat": 2.376033369788379,
  "B_hat": 8.371832660263403
}
2025-04-04 13:13:24,516 - INFO - {
  "user id": 19,
  "task": [
    1.2883959959194526,
    51.06954583391312,
    12.163490397818002
  ],
  "S_i": 31.765756560314927,
  "local_cpu": 0.5897822391032512,
  "C_l_i": 26.571489078378104,
  "C_hat_ei": 17.098066689277886,
  "C_hat_ef_i": 11.482255971508682,
  "C_hat_eb_i": 5.615810717769203,
  "f_thres": 0.8144028496720165,
  "B_thres": 1.3442499838766497,
  "f_hat": 2.729671305680589,
  "B_hat": 6.964317196521988
}
2025-04-04 13:13:24,517 - INFO - {
  "user id": 20,
  "task": [
    1.7887409932276273,
    22.738847564287177,
    13.724785627661149
  ],
  "S_i": 27.094104077490158,
  "local_cpu": 0.7341422940870526,
  "C_l_i": 33.4405017572081,
  "C_hat_ei": 18.681471468012575,
  "C_hat_ef_i": 14.371428800124917,
  "C_hat_eb_i": 4.310042667887659,
  "f_thres": 0.9014320392536657,
  "B_thres": 0.6119636731362691,
  "f_hat": 3.4165130018590046,
  "B_hat": 5.344999284740342
}
2025-04-04 13:13:24,519 - INFO - {
  "user id": 21,
  "task": [
    2.438511007662112,
    58.47024963919792,
    12.068427673666681
  ],
  "S_i": 27.508198550498022,
  "local_cpu": 1.0083481716325426,
  "C_l_i": 29.185349421285636,
  "C_hat_ei": 22.166762239188994,
  "C_hat_ef_i": 15.734796805842766,
  "C_hat_eb_i": 6.431965433346227,
  "f_thres": 1.5018970175328918,
  "B_thres": 2.030761425457344,
  "f_hat": 3.7406258359157776,
  "B_hat": 7.976452506341237
}
2025-04-04 13:13:24,520 - INFO - {
  "user id": 22,
  "task": [
    2.310901968626947,
    9.153866091112564,
    12.920704153567934
  ],
  "S_i": 31.51737867848688,
  "local_cpu": 0.8659583314290705,
  "C_l_i": 34.48027414350499,
  "C_hat_ei": 18.30929507167212,
  "C_hat_ef_i": 15.849197791962062,
  "C_hat_eb_i": 2.46009727971006,
  "f_thres": 0.9978982889467233,
  "B_thres": 0.20230574259135126,
  "f_hat": 3.7678223284801544,
  "B_hat": 3.050832489063578
}
2025-04-04 13:13:24,521 - INFO - {
  "user id": 23,
  "task": [
    2.1297037725012355,
    50.93554257273433,
    11.89277669725785
  ],
  "S_i": 27.89446257230875,
  "local_cpu": 0.8277357342489475,
  "C_l_i": 30.599248467442894,
  "C_hat_ei": 20.515372969045444,
  "C_hat_ef_i": 14.59737164173672,
  "C_hat_eb_i": 5.918001327308726,
  "f_thres": 1.136221342553079,
  "B_thres": 1.406989357757889,
  "f_hat": 3.4702262872100746,
  "B_hat": 7.33907186052526
}
2025-04-04 13:13:24,522 - INFO - {
  "user id": 24,
  "task": [
    0.8630695134587012,
    13.049787281353076,
    12.542004660732033
  ],
  "S_i": 29.632618990591876,
  "local_cpu": 0.5662598259501054,
  "C_l_i": 19.11599828254202,
  "C_hat_ei": 12.527459908977615,
  "C_hat_ef_i": 9.542887405583212,
  "C_hat_eb_i": 2.9845725033944026,
  "f_thres": 0.7430045216728443,
  "B_thres": 0.5917077710230215,
  "f_hat": 2.2686261296558206,
  "B_hat": 3.7012482532376114
}
2025-04-04 13:13:24,524 - INFO - {
  "user id": 25,
  "task": [
    2.175861057339434,
    33.56809786885504,
    14.133925361112066
  ],
  "S_i": 24.987278719124873,
  "local_cpu": 1.1470924259200566,
  "C_l_i": 26.809921402732037,
  "C_hat_ei": 21.61869645365436,
  "C_hat_ef_i": 16.08497570316066,
  "C_hat_eb_i": 5.533720750493698,
  "f_thres": 1.747216391836016,
  "B_thres": 1.9071513905169413,
  "f_hat": 3.8238737002932446,
  "B_hat": 6.862515230698999
}
2025-04-04 13:13:24,525 - INFO - {
  "user id": 26,
  "task": [
    1.8478665020152436,
    79.62664976764701,
    12.39752510720334
  ],
  "S_i": 29.645116162727554,
  "local_cpu": 0.6162491214811477,
  "C_l_i": 37.17485438102133,
  "C_hat_ei": 21.21105389864902,
  "C_hat_ef_i": 13.882773154616986,
  "C_hat_eb_i": 7.3282807440320346,
  "f_thres": 0.8142820589464511,
  "B_thres": 1.466905156602272,
  "f_hat": 3.3003451253361678,
  "B_hat": 9.087997115913609
}
2025-04-04 13:13:24,526 - INFO - {
  "user id": 27,
  "task": [
    1.238570614086107,
    75.28831883865978,
    10.408205681125738
  ],
  "S_i": 31.373871980547946,
  "local_cpu": 0.7235835421999461,
  "C_l_i": 17.81590783949062,
  "C_hat_ei": 16.760824441328268,
  "C_hat_ef_i": 10.414100192243232,
  "C_hat_eb_i": 6.346724249085034,
  "f_thres": 1.584256791082724,
  "B_thres": 4.455965619686607,
  "f_hat": 2.4757391352175158,
  "B_hat": 7.870742631981736
}
2025-04-04 13:13:24,528 - INFO - {
  "user id": 28,
  "task": [
    2.4253158754314224,
    79.81082722509117,
    12.430077620299356
  ],
  "S_i": 30.829599695480603,
  "local_cpu": 1.19910297541622,
  "C_l_i": 25.141180702093248,
  "C_hat_ei": 23.129422049298956,
  "C_hat_ef_i": 15.925552489566028,
  "C_hat_eb_i": 7.2038695597329285,
  "f_thres": 2.302075345555067,
  "B_thres": 4.301100907914052,
  "f_hat": 3.7859740947898963,
  "B_hat": 8.9337114759948
}
2025-04-04 13:13:24,529 - INFO - {
  "user id": 29,
  "task": [
    1.3904262002644878,
    11.221690071811572,
    12.235305617487066
  ],
  "S_i": 32.05986536719556,
  "local_cpu": 0.9694548391478754,
  "C_l_i": 17.548305307084366,
  "C_hat_ei": 14.591479666866405,
  "C_hat_ef_i": 11.963405268097086,
  "C_hat_eb_i": 2.628074398769319,
  "f_thres": 1.4274473961455252,
  "B_thres": 0.8147463497095793,
  "f_hat": 2.844054701409155,
  "B_hat": 3.259145410862218
}
2025-04-04 13:13:24,530 - INFO - ----- End of Single Experiment -----

2025-04-04 13:13:24,531 - INFO - ===== End of Sweep Experiments Results =====
