2025-04-04 22:42:49,978 - INFO - ===== Sweep Experiments Results =====
2025-04-04 22:42:49,979 - INFO - ===== Experiment 1 =====
2025-04-04 22:42:49,979 - INFO - ----- Single Experiment Result -----
2025-04-04 22:42:49,979 - INFO - Sweep Parameter: num_users
2025-04-04 22:42:49,979 - INFO - SP Info:
{
  "X": [
    0,
    1,
    3,
    4,
    5,
    6,
    7,
    8,
    9
  ],
  "U_X": 23.426827177175323,
  "p_E": 0.31989460999999997,
  "p_N": 0.1012902149,
  "f_max": 100,
  "B_max": 40,
  "c_E": 0.01,
  "c_N": 0.01
}
2025-04-04 22:42:49,979 - INFO - User Game Info:
{
  "f": [
    4.934130787625369,
    7.622688336819051,
    5.39371380718554,
    6.730049614269516,
    4.443374487883801,
    8.735323841790596,
    9.477904517555515,
    7.4809423612862185,
    8.994594193784545
  ],
  "b": [
    5.63643818486335,
    1.8235777013181749,
    8.324566568857433,
    2.0031608282482574,
    13.36136718184457,
    1.8924408344474646,
    2.3214781695397675,
    2.793957958329587,
    1.843012572544828
  ],
  "sum_offload_cost": 110.40266852578681,
  "social_cost": 130.45068226990966,
  "sum_f": 63.81272194820015,
  "sum_b": 39.99999999999343,
  "f_utilization": 0.6381272194820015,
  "b_utilization": 0.9999999999998357
}
2025-04-04 22:42:49,979 - INFO - User Info:
2025-04-04 22:42:49,983 - INFO - {
  "user id": 0,
  "task": [
    0.7301091327795579,
    51.852790828122664,
    10.666954820929941
  ],
  "S_i": 29.35127707894157,
  "local_cpu": 1.1013962436640183,
  "C_l_i": 7.0710620074382895,
  "C_hat_ei": 5.919966890357938,
  "C_hat_ef_i": 3.15680368799293,
  "C_hat_eb_i": 2.763163202365008,
  "f_thres": 2.1516274938584994,
  "B_thres": 5.63643818486335,
  "f_hat": 4.9341307876255405,
  "B_hat": 13.639832855982064
}
2025-04-04 22:42:49,983 - INFO - {
  "user id": 1,
  "task": [
    1.8321804261960515,
    46.963679284405075,
    10.145069122121802
  ],
  "S_i": 31.75781288118785,
  "local_cpu": 1.0614329830400666,
  "C_l_i": 17.511795247515767,
  "C_hat_ei": 7.342368434013094,
  "C_hat_ef_i": 4.876913825316751,
  "C_hat_eb_i": 2.465454608696344,
  "f_thres": 1.2696278239497583,
  "B_thres": 1.1989186873193918,
  "f_hat": 7.622688336819353,
  "B_hat": 12.17025065614874
}
2025-04-04 22:42:49,985 - INFO - {
  "user id": 2,
  "task": [
    1.0088422517197586,
    12.09571543888293,
    14.333243204496
  ],
  "S_i": 29.372148451780856,
  "local_cpu": 0.7212675297127461,
  "C_l_i": 20.048013744122855,
  "C_hat_ei": 5.847917149779815,
  "C_hat_ef_i": 4.301474209711948,
  "C_hat_eb_i": 1.5464429400678668,
  "f_thres": 0.7924109895641545,
  "B_thres": 0.37575621962932343,
  "f_hat": 6.723267718877709,
  "B_hat": 7.633723265345085
}
2025-04-04 22:42:49,985 - INFO - {
  "user id": 3,
  "task": [
    0.6533253999928945,
    68.71217798453873,
    14.244695738724307
  ],
  "S_i": 33.16507846717124,
  "local_cpu": 1.1681416875760657,
  "C_l_i": 7.966860219320041,
  "C_hat_ei": 6.90877373873837,
  "C_hat_ef_i": 3.450839949602466,
  "C_hat_eb_i": 3.4579337891359034,
  "f_thres": 2.511510465038348,
  "B_thres": 7.954104635544265,
  "f_hat": 5.39371380718554,
  "B_hat": 17.06943653219509
}
2025-04-04 22:42:49,985 - INFO - {
  "user id": 4,
  "task": [
    1.3915167216794377,
    56.220174923970156,
    10.412500248485777
  ],
  "S_i": 32.33279042202989,
  "local_cpu": 0.683613375817467,
  "C_l_i": 21.19497470764534,
  "C_hat_ei": 7.014231602106194,
  "C_hat_ef_i": 4.305813193275009,
  "C_hat_eb_i": 2.708418408831185,
  "f_thres": 0.7946961480692621,
  "B_thres": 1.0789850199481263,
  "f_hat": 6.730049614269853,
  "B_hat": 13.36959553055102
}
2025-04-04 22:42:49,985 - INFO - {
  "user id": 5,
  "task": [
    0.5102590981289139,
    47.11058110018923,
    12.377981835036266
  ],
  "S_i": 32.21902523846965,
  "local_cpu": 1.1360639304817615,
  "C_l_i": 5.5595267821973,
  "C_hat_ei": 5.5508053294293545,
  "C_hat_ef_i": 2.842848761641153,
  "C_hat_eb_i": 2.7079565677882016,
  "f_thres": 4.108723316167513,
  "B_thres": 12.336669471858558,
  "f_hat": 4.443414600891764,
  "B_hat": 13.367315739539425
}
2025-04-04 22:42:49,985 - INFO - {
  "user id": 6,
  "task": [
    2.320306151560313,
    45.81840831971447,
    10.520094749273815
  ],
  "S_i": 29.849340761904873,
  "local_cpu": 0.788367088370451,
  "C_l_i": 30.96253118860193,
  "C_hat_ei": 8.146622636358762,
  "C_hat_ef_i": 5.588766027186739,
  "C_hat_eb_i": 2.557856609172023,
  "f_thres": 0.8678419822888171,
  "B_thres": 0.6380394788509824,
  "f_hat": 8.7353238417908,
  "B_hat": 12.626375665691393
}
2025-04-04 22:42:49,985 - INFO - {
  "user id": 7,
  "task": [
    2.2300342412143634,
    56.39676412228468,
    13.143928979410806
  ],
  "S_i": 30.476560136772544,
  "local_cpu": 0.6448239599403556,
  "C_l_i": 45.45645557414939,
  "C_hat_ei": 9.263445363669248,
  "C_hat_ef_i": 6.124234682158566,
  "C_hat_eb_i": 3.1392106815106837,
  "f_thres": 0.6963241153895414,
  "B_thres": 0.6193815331028972,
  "f_hat": 9.572269257926175,
  "B_hat": 15.496120156373978
}
2025-04-04 22:42:49,988 - INFO - {
  "user id": 8,
  "task": [
    1.3088104861508152,
    79.53721945237545,
    13.678635407535603
  ],
  "S_i": 30.88551693528794,
  "local_cpu": 0.7878788423606446,
  "C_l_i": 22.72270874031366,
  "C_hat_ei": 8.56406047768882,
  "C_hat_ef_i": 4.786226278192471,
  "C_hat_eb_i": 3.7778341994963487,
  "f_thres": 0.9605715487524109,
  "B_thres": 1.9861851558250778,
  "f_hat": 7.4809423612865364,
  "B_hat": 18.64856444043515
}
2025-04-04 22:42:49,988 - INFO - {
  "user id": 9,
  "task": [
    1.953975983935977,
    36.74217578509338,
    13.350725823511908
  ],
  "S_i": 32.01291682728019,
  "local_cpu": 0.8780241249271592,
  "C_l_i": 29.71102602610186,
  "C_hat_ei": 8.269217868567226,
  "C_hat_ef_i": 5.777573861766555,
  "C_hat_eb_i": 2.4916440068006716,
  "f_thres": 0.9694430575355754,
  "B_thres": 0.6419788511059346,
  "f_hat": 9.03043327576941,
  "B_hat": 12.299529669576561
}
2025-04-04 22:42:49,989 - INFO - ----- End of Single Experiment -----

2025-04-04 22:42:49,989 - INFO - ===== Experiment 2 =====
2025-04-04 22:42:49,989 - INFO - ----- Single Experiment Result -----
2025-04-04 22:42:49,991 - INFO - Sweep Parameter: num_users
2025-04-04 22:42:49,991 - INFO - SP Info:
{
  "X": [
    1,
    4,
    9,
    11,
    13
  ],
  "U_X": 42.746354997754565,
  "p_E": 2.5072135812700003,
  "p_N": 0.226914293,
  "f_max": 100,
  "B_max": 40,
  "c_E": 0.01,
  "c_N": 0.01
}
2025-04-04 22:42:49,992 - INFO - User Game Info:
{
  "f": [
    2.7228013604392083,
    2.4039508280650534,
    3.2256436210115442,
    1.9065391855561336,
    3.4491508844598306
  ],
  "b": [
    8.085641432821328,
    8.93246018109501,
    8.21323545516101,
    7.919954486025164,
    6.100786527978468
  ],
  "sum_offload_cost": 86.60066302529151,
  "social_cost": 292.1698928872063,
  "sum_f": 13.70808587953177,
  "sum_b": 39.25207808308098,
  "f_utilization": 0.1370808587953177,
  "b_utilization": 0.9813019520770245
}
2025-04-04 22:42:49,993 - INFO - User Info:
2025-04-04 22:42:49,993 - INFO - {
  "user id": 0,
  "task": [
    0.7301091327795579,
    51.852790828122664,
    10.666954820929941
  ],
  "S_i": 29.35127707894157,
  "local_cpu": 1.1013962436640183,
  "C_l_i": 7.0710620074382895,
  "C_hat_ei": 12.973455326313733,
  "C_hat_ef_i": 8.837710676848799,
  "C_hat_eb_i": 4.135744649464933,
  "f_thres": NaN,
  "B_thres": NaN,
  "f_hat": 1.7624566855553163,
  "B_hat": 9.113010456033576
}
2025-04-04 22:42:49,994 - INFO - {
  "user id": 1,
  "task": [
    1.8321804261960515,
    46.963679284405075,
    10.145069122121802
  ],
  "S_i": 31.75781288118785,
  "local_cpu": 1.0614329830400666,
  "C_l_i": 17.511795247515767,
  "C_hat_ei": 17.343440553107094,
  "C_hat_ef_i": 13.653289099987234,
  "C_hat_eb_i": 3.6901514531198614,
  "f_thres": 2.327471905842311,
  "B_thres": 6.018099210504448,
  "f_hat": 2.7228013604392083,
  "B_hat": 8.131156932278087
}
2025-04-04 22:42:49,995 - INFO - {
  "user id": 2,
  "task": [
    1.0088422517197586,
    12.09571543888293,
    14.333243204496
  ],
  "S_i": 29.372148451780856,
  "local_cpu": 0.7212675297127461,
  "C_l_i": 20.048013744122855,
  "C_hat_ei": 14.356929722977506,
  "C_hat_ef_i": 12.042302375011094,
  "C_hat_eb_i": 2.3146273479664132,
  "f_thres": 0.9404587300180703,
  "B_thres": 0.7533810740667073,
  "f_hat": 2.401531019330073,
  "B_hat": 5.100223783537543
}
2025-04-04 22:42:49,995 - INFO - {
  "user id": 3,
  "task": [
    0.6533253999928945,
    68.71217798453873,
    14.244695738724307
  ],
  "S_i": 33.16507846717124,
  "local_cpu": 1.1681416875760657,
  "C_l_i": 7.966860219320041,
  "C_hat_ei": 14.836524957661325,
  "C_hat_ef_i": 9.660887429489849,
  "C_hat_eb_i": 5.175637528171477,
  "f_thres": NaN,
  "B_thres": NaN,
  "f_hat": 1.9266183586553955,
  "B_hat": 11.40438854632105
}
2025-04-04 22:42:49,996 - INFO - {
  "user id": 4,
  "task": [
    1.3915167216794377,
    56.220174923970156,
    10.412500248485777
  ],
  "S_i": 32.33279042202989,
  "local_cpu": 0.683613375817467,
  "C_l_i": 21.19497470764534,
  "C_hat_ei": 16.10825546114533,
  "C_hat_ef_i": 12.054449687657677,
  "C_hat_eb_i": 4.053805773487652,
  "f_thres": 0.9880898355022703,
  "B_thres": 2.089110907999381,
  "f_hat": 2.4039534919780614,
  "B_hat": 8.93246018109501
}
2025-04-04 22:42:49,996 - INFO - {
  "user id": 5,
  "task": [
    0.5102590981289139,
    47.11058110018923,
    12.377981835036266
  ],
  "S_i": 32.21902523846965,
  "local_cpu": 1.1360639304817615,
  "C_l_i": 5.5595267821973,
  "C_hat_ei": 12.011884632021022,
  "C_hat_ef_i": 7.958770115792728,
  "C_hat_eb_i": 4.0531145162282955,
  "f_thres": NaN,
  "B_thres": NaN,
  "f_hat": 1.5871743387257229,
  "B_hat": 8.930937012919447
}
2025-04-04 22:42:49,997 - INFO - {
  "user id": 6,
  "task": [
    2.320306151560313,
    45.81840831971447,
    10.520094749273815
  ],
  "S_i": 29.849340761904873,
  "local_cpu": 0.788367088370451,
  "C_l_i": 30.96253118860193,
  "C_hat_ei": 19.474626659980117,
  "C_hat_ef_i": 15.646173177237085,
  "C_hat_eb_i": 3.8284534827430345,
  "f_thres": 0.990199540131274,
  "B_thres": 1.071316231692144,
  "f_hat": 3.1202314182806266,
  "B_hat": 8.435902014209027
}
2025-04-04 22:42:49,999 - INFO - {
  "user id": 7,
  "task": [
    2.2300342412143634,
    56.39676412228468,
    13.143928979410806
  ],
  "S_i": 30.476560136772544,
  "local_cpu": 0.6448239599403556,
  "C_l_i": 45.45645557414939,
  "C_hat_ei": 21.84384918408227,
  "C_hat_ef_i": 17.14525817487631,
  "C_hat_eb_i": 4.69859100920596,
  "f_thres": 0.7541453037692887,
  "B_thres": 0.8651214299411208,
  "f_hat": 3.419185805102327,
  "B_hat": 10.35322840859117
}
2025-04-04 22:42:49,999 - INFO - {
  "user id": 8,
  "task": [
    1.3088104861508152,
    79.53721945237545,
    13.678635407535603
  ],
  "S_i": 30.88551693528794,
  "local_cpu": 0.7878788423606446,
  "C_l_i": 22.72270874031366,
  "C_hat_ei": 19.05384861955862,
  "C_hat_ef_i": 13.399402453020265,
  "C_hat_eb_i": 5.654446166538355,
  "f_thres": 1.2953784207006795,
  "B_thres": 4.20950415613197,
  "f_hat": 2.6721701240611804,
  "B_hat": 12.45943147031808
}
2025-04-04 22:42:49,999 - INFO - {
  "user id": 9,
  "task": [
    1.953975983935977,
    36.74217578509338,
    13.350725823511908
  ],
  "S_i": 32.01291682728019,
  "local_cpu": 0.8780241249271592,
  "C_l_i": 29.71102602610186,
  "C_hat_ei": 19.90410523624301,
  "C_hat_ef_i": 16.174754989874174,
  "C_hat_eb_i": 3.729350246368836,
  "f_thres": 1.1265147316637476,
  "B_thres": 1.1543345491151171,
  "f_hat": 3.2256436210115442,
  "B_hat": 8.217530498109337
}
2025-04-04 22:42:49,999 - INFO - {
  "user id": 10,
  "task": [
    0.9121637018266036,
    22.339626316834536,
    13.978694324080221
  ],
  "S_i": 30.251669502872822,
  "local_cpu": 0.7097317430649174,
  "C_l_i": 17.965742248320513,
  "C_hat_ei": 14.369207835442907,
  "C_hat_ef_i": 11.308248891967297,
  "C_hat_eb_i": 3.0609589434756095,
  "f_thres": 1.0360498846386286,
  "B_thres": 1.6424889405208085,
  "f_hat": 2.2551427162896975,
  "B_hat": 6.7447468888079465
}
2025-04-04 22:42:49,999 - INFO - {
  "user id": 11,
  "task": [
    0.7889567568456575,
    37.08488002259381,
    11.55134763422295
  ],
  "S_i": 29.850957279952308,
  "local_cpu": 0.6717402770743519,
  "C_l_i": 13.567019989311378,
  "C_hat_ei": 13.16931585101692,
  "C_hat_ef_i": 9.560235455038658,
  "C_hat_eb_i": 3.6090803959782627,
  "f_thres": 1.4302372689115237,
  "B_thres": 4.994004974007578,
  "f_hat": 1.906545881543133,
  "B_hat": 7.9525188745564455
}
2025-04-04 22:42:49,999 - INFO - {
  "user id": 12,
  "task": [
    1.9955412235857262,
    59.85055864550405,
    13.476304334775465
  ],
  "S_i": 28.958423420650938,
  "local_cpu": 0.8523377430249472,
  "C_l_i": 31.551484211164794,
  "C_hat_ei": 21.450554652094716,
  "C_hat_ef_i": 16.422581220834306,
  "C_hat_eb_i": 5.027973431260412,
  "f_thres": 1.1358733254458364,
  "B_thres": 1.8948653515554075,
  "f_hat": 3.2750662615100463,
  "B_hat": 11.079014382008127
}
2025-04-04 22:42:50,003 - INFO - {
  "user id": 13,
  "task": [
    2.2993472387348257,
    22.297751679414603,
    12.972245934092154
  ],
  "S_i": 33.97495676316559,
  "local_cpu": 0.5169180374863812,
  "C_l_i": 57.70295425129116,
  "C_hat_ei": 20.075434532337972,
  "C_hat_ef_i": 17.29559587808791,
  "C_hat_eb_i": 2.779838654250064,
  "f_thres": 0.5572567261147293,
  "B_thres": 0.21094617158054696,
  "f_hat": 3.4491668374991455,
  "B_hat": 6.125305324530757
}
2025-04-04 22:42:50,004 - INFO - {
  "user id": 14,
  "task": [
    1.4626066669106332,
    28.982433656499772,
    10.318602841586573
  ],
  "S_i": 30.00172937681165,
  "local_cpu": 0.9278943127690151,
  "C_l_i": 16.264845146286028,
  "C_hat_ei": 15.310600064544392,
  "C_hat_ef_i": 12.302684431489089,
  "C_hat_eb_i": 3.0079156330553025,
  "f_thres": 1.6588719299296917,
  "B_thres": 3.047794372137467,
  "f_hat": 2.4534575999818307,
  "B_hat": 6.627867273780111
}
2025-04-04 22:42:50,004 - INFO - ----- End of Single Experiment -----

2025-04-04 22:42:50,005 - INFO - ===== Experiment 3 =====
2025-04-04 22:42:50,005 - INFO - ----- Single Experiment Result -----
2025-04-04 22:42:50,006 - INFO - Sweep Parameter: num_users
